{"D:\\SWE2\\server\\src\\data-source.ts": {"path":"D:\\SWE2\\server\\src\\data-source.ts","statementMap":{"0":{"start":{"line":1,"column":0},"end":{"line":1,"column":26}},"1":{"start":{"line":2,"column":0},"end":{"line":2,"column":23}},"2":{"start":{"line":3,"column":0},"end":{"line":3,"column":37}},"3":{"start":{"line":4,"column":0},"end":{"line":4,"column":37}},"4":{"start":{"line":5,"column":0},"end":{"line":5,"column":37}},"5":{"start":{"line":6,"column":0},"end":{"line":6,"column":45}},"6":{"start":{"line":7,"column":0},"end":{"line":7,"column":41}},"7":{"start":{"line":8,"column":0},"end":{"line":8,"column":51}},"8":{"start":{"line":9,"column":0},"end":{"line":9,"column":67}},"9":{"start":{"line":10,"column":0},"end":{"line":10,"column":43}},"10":{"start":{"line":11,"column":0},"end":{"line":11,"column":53}},"11":{"start":{"line":12,"column":0},"end":{"line":12,"column":37}},"12":{"start":{"line":15,"column":13},"end":{"line":27,"column":3}}},"fnMap":{},"branchMap":{"0":{"loc":{"start":{"line":17,"column":10},"end":{"line":17,"column":44}},"type":"binary-expr","locations":[{"start":{"line":17,"column":10},"end":{"line":17,"column":29}},{"start":{"line":17,"column":33},"end":{"line":17,"column":44}}]},"1":{"loc":{"start":{"line":18,"column":17},"end":{"line":18,"column":44}},"type":"binary-expr","locations":[{"start":{"line":18,"column":17},"end":{"line":18,"column":36}},{"start":{"line":18,"column":40},"end":{"line":18,"column":44}}]},"2":{"loc":{"start":{"line":19,"column":14},"end":{"line":19,"column":47}},"type":"binary-expr","locations":[{"start":{"line":19,"column":14},"end":{"line":19,"column":33}},{"start":{"line":19,"column":37},"end":{"line":19,"column":47}}]},"3":{"loc":{"start":{"line":20,"column":14},"end":{"line":20,"column":51}},"type":"binary-expr","locations":[{"start":{"line":20,"column":14},"end":{"line":20,"column":37}},{"start":{"line":20,"column":41},"end":{"line":20,"column":51}}]},"4":{"loc":{"start":{"line":21,"column":14},"end":{"line":21,"column":50}},"type":"binary-expr","locations":[{"start":{"line":21,"column":14},"end":{"line":21,"column":33}},{"start":{"line":21,"column":37},"end":{"line":21,"column":50}}]}},"s":{"0":5,"1":5,"2":5,"3":5,"4":5,"5":5,"6":5,"7":5,"8":5,"9":5,"10":5,"11":5,"12":5},"f":{},"b":{"0":[5,5],"1":[5,5],"2":[5,5],"3":[5,5],"4":[5,5]}}
,"D:\\SWE2\\server\\src\\controllers\\adminController.ts": {"path":"D:\\SWE2\\server\\src\\controllers\\adminController.ts","statementMap":{"0":{"start":{"line":30,"column":0},"end":{"line":30,"column":16}},"1":{"start":{"line":47,"column":0},"end":{"line":47,"column":7}},"2":{"start":{"line":64,"column":0},"end":{"line":64,"column":7}},"3":{"start":{"line":71,"column":0},"end":{"line":71,"column":7}},"4":{"start":{"line":94,"column":0},"end":{"line":94,"column":7}},"5":{"start":{"line":111,"column":0},"end":{"line":111,"column":7}},"6":{"start":{"line":116,"column":0},"end":{"line":116,"column":7}},"7":{"start":{"line":122,"column":0},"end":{"line":122,"column":7}},"8":{"start":{"line":131,"column":0},"end":{"line":131,"column":7}},"9":{"start":{"line":137,"column":0},"end":{"line":137,"column":7}},"10":{"start":{"line":145,"column":0},"end":{"line":145,"column":7}},"11":{"start":{"line":158,"column":0},"end":{"line":158,"column":7}},"12":{"start":{"line":168,"column":0},"end":{"line":168,"column":7}},"13":{"start":{"line":183,"column":0},"end":{"line":183,"column":7}},"14":{"start":{"line":189,"column":0},"end":{"line":189,"column":7}},"15":{"start":{"line":194,"column":0},"end":{"line":194,"column":7}},"16":{"start":{"line":3,"column":0},"end":{"line":3,"column":94}},"17":{"start":{"line":4,"column":0},"end":{"line":4,"column":64}},"18":{"start":{"line":6,"column":0},"end":{"line":6,"column":75}},"19":{"start":{"line":7,"column":0},"end":{"line":7,"column":159}},"20":{"start":{"line":9,"column":0},"end":{"line":9,"column":47}},"21":{"start":{"line":14,"column":0},"end":{"line":14,"column":89}},"22":{"start":{"line":16,"column":0},"end":{"line":16,"column":50}},"23":{"start":{"line":17,"column":0},"end":{"line":17,"column":72}},"24":{"start":{"line":18,"column":0},"end":{"line":18,"column":68}},"25":{"start":{"line":20,"column":0},"end":{"line":20,"column":76}},"26":{"start":{"line":31,"column":4},"end":{"line":31,"column":82}},"27":{"start":{"line":32,"column":4},"end":{"line":32,"column":52}},"28":{"start":{"line":33,"column":4},"end":{"line":33,"column":60}},"29":{"start":{"line":34,"column":4},"end":{"line":34,"column":56}},"30":{"start":{"line":38,"column":19},"end":{"line":38,"column":34}},"31":{"start":{"line":39,"column":4},"end":{"line":39,"column":22}},"32":{"start":{"line":40,"column":4},"end":{"line":40,"column":13}},"33":{"start":{"line":44,"column":20},"end":{"line":44,"column":84}},"34":{"start":{"line":44,"column":36},"end":{"line":44,"column":84}},"35":{"start":{"line":45,"column":20},"end":{"line":45,"column":68}},"36":{"start":{"line":45,"column":36},"end":{"line":45,"column":68}},"37":{"start":{"line":48,"column":4},"end":{"line":48,"column":78}},"38":{"start":{"line":48,"column":39},"end":{"line":48,"column":78}},"39":{"start":{"line":58,"column":16},"end":{"line":58,"column":66}},"40":{"start":{"line":60,"column":25},"end":{"line":60,"column":69}},"41":{"start":{"line":61,"column":4},"end":{"line":61,"column":61}},"42":{"start":{"line":66,"column":26},"end":{"line":66,"column":78}},"43":{"start":{"line":67,"column":4},"end":{"line":67,"column":66}},"44":{"start":{"line":72,"column":21},"end":{"line":72,"column":49}},"45":{"start":{"line":73,"column":4},"end":{"line":73,"column":58}},"46":{"start":{"line":73,"column":19},"end":{"line":73,"column":58}},"47":{"start":{"line":76,"column":4},"end":{"line":76,"column":76}},"48":{"start":{"line":76,"column":31},"end":{"line":76,"column":76}},"49":{"start":{"line":78,"column":28},"end":{"line":78,"column":88}},"50":{"start":{"line":79,"column":4},"end":{"line":79,"column":65}},"51":{"start":{"line":79,"column":26},"end":{"line":79,"column":65}},"52":{"start":{"line":80,"column":4},"end":{"line":80,"column":81}},"53":{"start":{"line":80,"column":38},"end":{"line":80,"column":81}},"54":{"start":{"line":82,"column":4},"end":{"line":82,"column":73}},"55":{"start":{"line":82,"column":32},"end":{"line":82,"column":73}},"56":{"start":{"line":83,"column":22},"end":{"line":83,"column":43}},"57":{"start":{"line":84,"column":4},"end":{"line":84,"column":73}},"58":{"start":{"line":84,"column":32},"end":{"line":84,"column":73}},"59":{"start":{"line":86,"column":17},"end":{"line":86,"column":60}},"60":{"start":{"line":87,"column":4},"end":{"line":87,"column":51}},"61":{"start":{"line":87,"column":15},"end":{"line":87,"column":51}},"62":{"start":{"line":89,"column":4},"end":{"line":89,"column":32}},"63":{"start":{"line":90,"column":27},"end":{"line":90,"column":86}},"64":{"start":{"line":91,"column":4},"end":{"line":91,"column":63}},"65":{"start":{"line":95,"column":21},"end":{"line":95,"column":39}},"66":{"start":{"line":96,"column":21},"end":{"line":96,"column":39}},"67":{"start":{"line":98,"column":4},"end":{"line":98,"column":73}},"68":{"start":{"line":98,"column":32},"end":{"line":98,"column":73}},"69":{"start":{"line":100,"column":20},"end":{"line":100,"column":80}},"70":{"start":{"line":101,"column":15},"end":{"line":101,"column":76}},"71":{"start":{"line":103,"column":4},"end":{"line":103,"column":54}},"72":{"start":{"line":103,"column":13},"end":{"line":103,"column":54}},"73":{"start":{"line":105,"column":4},"end":{"line":105,"column":56}},"74":{"start":{"line":112,"column":18},"end":{"line":112,"column":55}},"75":{"start":{"line":113,"column":4},"end":{"line":113,"column":76}},"76":{"start":{"line":113,"column":29},"end":{"line":113,"column":73}},"77":{"start":{"line":117,"column":20},"end":{"line":117,"column":80}},"78":{"start":{"line":118,"column":4},"end":{"line":118,"column":57}},"79":{"start":{"line":118,"column":18},"end":{"line":118,"column":57}},"80":{"start":{"line":119,"column":4},"end":{"line":119,"column":56}},"81":{"start":{"line":123,"column":4},"end":{"line":128,"column":7}},"82":{"start":{"line":124,"column":8},"end":{"line":126,"column":9}},"83":{"start":{"line":125,"column":12},"end":{"line":125,"column":54}},"84":{"start":{"line":127,"column":8},"end":{"line":127,"column":27}},"85":{"start":{"line":132,"column":20},"end":{"line":132,"column":80}},"86":{"start":{"line":133,"column":4},"end":{"line":133,"column":57}},"87":{"start":{"line":133,"column":18},"end":{"line":133,"column":57}},"88":{"start":{"line":134,"column":4},"end":{"line":134,"column":19}},"89":{"start":{"line":138,"column":20},"end":{"line":138,"column":87}},"90":{"start":{"line":139,"column":21},"end":{"line":139,"column":89}},"91":{"start":{"line":140,"column":4},"end":{"line":140,"column":60}},"92":{"start":{"line":140,"column":19},"end":{"line":140,"column":60}},"93":{"start":{"line":141,"column":4},"end":{"line":141,"column":57}},"94":{"start":{"line":141,"column":18},"end":{"line":141,"column":57}},"95":{"start":{"line":142,"column":4},"end":{"line":142,"column":60}},"96":{"start":{"line":146,"column":25},"end":{"line":146,"column":108}},"97":{"start":{"line":147,"column":4},"end":{"line":149,"column":5}},"98":{"start":{"line":148,"column":8},"end":{"line":148,"column":47}},"99":{"start":{"line":150,"column":4},"end":{"line":152,"column":5}},"100":{"start":{"line":151,"column":8},"end":{"line":151,"column":53}},"101":{"start":{"line":153,"column":28},"end":{"line":153,"column":82}},"102":{"start":{"line":154,"column":24},"end":{"line":154,"column":93}},"103":{"start":{"line":155,"column":4},"end":{"line":155,"column":64}},"104":{"start":{"line":159,"column":20},"end":{"line":159,"column":87}},"105":{"start":{"line":160,"column":4},"end":{"line":162,"column":5}},"106":{"start":{"line":161,"column":8},"end":{"line":161,"column":47}},"107":{"start":{"line":163,"column":20},"end":{"line":163,"column":65}},"108":{"start":{"line":165,"column":4},"end":{"line":165,"column":47}},"109":{"start":{"line":169,"column":20},"end":{"line":169,"column":80}},"110":{"start":{"line":170,"column":4},"end":{"line":172,"column":5}},"111":{"start":{"line":171,"column":8},"end":{"line":171,"column":47}},"112":{"start":{"line":173,"column":39},"end":{"line":173,"column":41}},"113":{"start":{"line":174,"column":23},"end":{"line":174,"column":78}},"114":{"start":{"line":175,"column":4},"end":{"line":179,"column":5}},"115":{"start":{"line":176,"column":23},"end":{"line":176,"column":127}},"116":{"start":{"line":177,"column":32},"end":{"line":177,"column":90}},"117":{"start":{"line":178,"column":8},"end":{"line":178,"column":50}},"118":{"start":{"line":180,"column":4},"end":{"line":180,"column":19}},"119":{"start":{"line":184,"column":20},"end":{"line":184,"column":75}},"120":{"start":{"line":185,"column":4},"end":{"line":185,"column":57}},"121":{"start":{"line":185,"column":18},"end":{"line":185,"column":57}},"122":{"start":{"line":186,"column":4},"end":{"line":186,"column":56}},"123":{"start":{"line":190,"column":20},"end":{"line":190,"column":77}},"124":{"start":{"line":191,"column":4},"end":{"line":191,"column":57}},"125":{"start":{"line":191,"column":18},"end":{"line":191,"column":57}},"126":{"start":{"line":192,"column":4},"end":{"line":192,"column":22}},"127":{"start":{"line":195,"column":20},"end":{"line":195,"column":80}},"128":{"start":{"line":196,"column":4},"end":{"line":196,"column":57}},"129":{"start":{"line":196,"column":18},"end":{"line":196,"column":57}},"130":{"start":{"line":197,"column":4},"end":{"line":197,"column":22}}},"fnMap":{"0":{"name":"initializeAdminRepositories","decl":{"start":{"line":30,"column":16},"end":{"line":30,"column":43}},"loc":{"start":{"line":30,"column":66},"end":{"line":35,"column":1}}},"1":{"name":"appErr","decl":{"start":{"line":37,"column":9},"end":{"line":37,"column":15}},"loc":{"start":{"line":37,"column":42},"end":{"line":41,"column":1}}},"2":{"name":"(anonymous_2)","decl":{"start":{"line":44,"column":20},"end":{"line":44,"column":21}},"loc":{"start":{"line":44,"column":36},"end":{"line":44,"column":84}}},"3":{"name":"(anonymous_3)","decl":{"start":{"line":45,"column":20},"end":{"line":45,"column":21}},"loc":{"start":{"line":45,"column":36},"end":{"line":45,"column":68}}},"4":{"name":"addMunicipalityOfficer","decl":{"start":{"line":47,"column":22},"end":{"line":47,"column":44}},"loc":{"start":{"line":47,"column":109},"end":{"line":62,"column":1}}},"5":{"name":"getAllMunicipalityOfficer","decl":{"start":{"line":64,"column":22},"end":{"line":64,"column":47}},"loc":{"start":{"line":64,"column":47},"end":{"line":68,"column":1}}},"6":{"name":"updateMunicipalityOfficer","decl":{"start":{"line":71,"column":22},"end":{"line":71,"column":47}},"loc":{"start":{"line":71,"column":81},"end":{"line":92,"column":1}}},"7":{"name":"loginOfficer","decl":{"start":{"line":94,"column":22},"end":{"line":94,"column":34}},"loc":{"start":{"line":94,"column":61},"end":{"line":106,"column":1}}},"8":{"name":"getAllRoles","decl":{"start":{"line":111,"column":22},"end":{"line":111,"column":33}},"loc":{"start":{"line":111,"column":33},"end":{"line":114,"column":1}}},"9":{"name":"(anonymous_9)","decl":{"start":{"line":113,"column":21},"end":{"line":113,"column":22}},"loc":{"start":{"line":113,"column":29},"end":{"line":113,"column":73}}},"10":{"name":"getMunicipalityOfficerByUsername","decl":{"start":{"line":116,"column":22},"end":{"line":116,"column":54}},"loc":{"start":{"line":116,"column":71},"end":{"line":120,"column":1}}},"11":{"name":"getMunicipalityOfficerDAOForNewRequest","decl":{"start":{"line":122,"column":22},"end":{"line":122,"column":60}},"loc":{"start":{"line":122,"column":60},"end":{"line":129,"column":1}}},"12":{"name":"(anonymous_12)","decl":{"start":{"line":123,"column":86},"end":{"line":123,"column":94}},"loc":{"start":{"line":123,"column":97},"end":{"line":128,"column":5}}},"13":{"name":"getMunicipalityOfficerDAOByUsername","decl":{"start":{"line":131,"column":22},"end":{"line":131,"column":57}},"loc":{"start":{"line":131,"column":74},"end":{"line":135,"column":1}}},"14":{"name":"assignTechAgent","decl":{"start":{"line":137,"column":22},"end":{"line":137,"column":37}},"loc":{"start":{"line":137,"column":103},"end":{"line":143,"column":1}}},"15":{"name":"getAgentsByTechLeadUsername","decl":{"start":{"line":145,"column":22},"end":{"line":145,"column":49}},"loc":{"start":{"line":145,"column":74},"end":{"line":156,"column":1}}},"16":{"name":"getTechReports","decl":{"start":{"line":158,"column":22},"end":{"line":158,"column":36}},"loc":{"start":{"line":158,"column":60},"end":{"line":166,"column":1}}},"17":{"name":"getTechLeadReports","decl":{"start":{"line":168,"column":22},"end":{"line":168,"column":40}},"loc":{"start":{"line":168,"column":57},"end":{"line":181,"column":1}}},"18":{"name":"getOfficerById","decl":{"start":{"line":183,"column":22},"end":{"line":183,"column":36}},"loc":{"start":{"line":183,"column":54},"end":{"line":187,"column":1}}},"19":{"name":"getOfficerIdByEmail","decl":{"start":{"line":189,"column":22},"end":{"line":189,"column":41}},"loc":{"start":{"line":189,"column":58},"end":{"line":193,"column":1}}},"20":{"name":"getOfficerIdByUsername","decl":{"start":{"line":194,"column":22},"end":{"line":194,"column":44}},"loc":{"start":{"line":194,"column":61},"end":{"line":198,"column":1}}}},"branchMap":{"0":{"loc":{"start":{"line":37,"column":30},"end":{"line":37,"column":42}},"type":"default-arg","locations":[{"start":{"line":37,"column":39},"end":{"line":37,"column":42}}]},"1":{"loc":{"start":{"line":44,"column":36},"end":{"line":44,"column":84}},"type":"binary-expr","locations":[{"start":{"line":44,"column":36},"end":{"line":44,"column":39}},{"start":{"line":44,"column":43},"end":{"line":44,"column":84}}]},"2":{"loc":{"start":{"line":45,"column":36},"end":{"line":45,"column":68}},"type":"binary-expr","locations":[{"start":{"line":45,"column":36},"end":{"line":45,"column":39}},{"start":{"line":45,"column":43},"end":{"line":45,"column":68}}]},"3":{"loc":{"start":{"line":47,"column":83},"end":{"line":47,"column":109}},"type":"default-arg","locations":[{"start":{"line":47,"column":96},"end":{"line":47,"column":109}}]},"4":{"loc":{"start":{"line":48,"column":4},"end":{"line":48,"column":78}},"type":"if","locations":[{"start":{"line":48,"column":4},"end":{"line":48,"column":78}},{"start":{},"end":{}}]},"5":{"loc":{"start":{"line":73,"column":4},"end":{"line":73,"column":58}},"type":"if","locations":[{"start":{"line":73,"column":4},"end":{"line":73,"column":58}},{"start":{},"end":{}}]},"6":{"loc":{"start":{"line":76,"column":4},"end":{"line":76,"column":76}},"type":"if","locations":[{"start":{"line":76,"column":4},"end":{"line":76,"column":76}},{"start":{},"end":{}}]},"7":{"loc":{"start":{"line":79,"column":4},"end":{"line":79,"column":65}},"type":"if","locations":[{"start":{"line":79,"column":4},"end":{"line":79,"column":65}},{"start":{},"end":{}}]},"8":{"loc":{"start":{"line":80,"column":4},"end":{"line":80,"column":81}},"type":"if","locations":[{"start":{"line":80,"column":4},"end":{"line":80,"column":81}},{"start":{},"end":{}}]},"9":{"loc":{"start":{"line":82,"column":4},"end":{"line":82,"column":73}},"type":"if","locations":[{"start":{"line":82,"column":4},"end":{"line":82,"column":73}},{"start":{},"end":{}}]},"10":{"loc":{"start":{"line":84,"column":4},"end":{"line":84,"column":73}},"type":"if","locations":[{"start":{"line":84,"column":4},"end":{"line":84,"column":73}},{"start":{},"end":{}}]},"11":{"loc":{"start":{"line":87,"column":4},"end":{"line":87,"column":51}},"type":"if","locations":[{"start":{"line":87,"column":4},"end":{"line":87,"column":51}},{"start":{},"end":{}}]},"12":{"loc":{"start":{"line":98,"column":4},"end":{"line":98,"column":73}},"type":"if","locations":[{"start":{"line":98,"column":4},"end":{"line":98,"column":73}},{"start":{},"end":{}}]},"13":{"loc":{"start":{"line":98,"column":8},"end":{"line":98,"column":30}},"type":"binary-expr","locations":[{"start":{"line":98,"column":8},"end":{"line":98,"column":17}},{"start":{"line":98,"column":21},"end":{"line":98,"column":30}}]},"14":{"loc":{"start":{"line":101,"column":15},"end":{"line":101,"column":76}},"type":"binary-expr","locations":[{"start":{"line":101,"column":15},"end":{"line":101,"column":22}},{"start":{"line":101,"column":27},"end":{"line":101,"column":75}}]},"15":{"loc":{"start":{"line":103,"column":4},"end":{"line":103,"column":54}},"type":"if","locations":[{"start":{"line":103,"column":4},"end":{"line":103,"column":54}},{"start":{},"end":{}}]},"16":{"loc":{"start":{"line":118,"column":4},"end":{"line":118,"column":57}},"type":"if","locations":[{"start":{"line":118,"column":4},"end":{"line":118,"column":57}},{"start":{},"end":{}}]},"17":{"loc":{"start":{"line":124,"column":8},"end":{"line":126,"column":9}},"type":"if","locations":[{"start":{"line":124,"column":8},"end":{"line":126,"column":9}},{"start":{},"end":{}}]},"18":{"loc":{"start":{"line":133,"column":4},"end":{"line":133,"column":57}},"type":"if","locations":[{"start":{"line":133,"column":4},"end":{"line":133,"column":57}},{"start":{},"end":{}}]},"19":{"loc":{"start":{"line":140,"column":4},"end":{"line":140,"column":60}},"type":"if","locations":[{"start":{"line":140,"column":4},"end":{"line":140,"column":60}},{"start":{},"end":{}}]},"20":{"loc":{"start":{"line":141,"column":4},"end":{"line":141,"column":57}},"type":"if","locations":[{"start":{"line":141,"column":4},"end":{"line":141,"column":57}},{"start":{},"end":{}}]},"21":{"loc":{"start":{"line":147,"column":4},"end":{"line":149,"column":5}},"type":"if","locations":[{"start":{"line":147,"column":4},"end":{"line":149,"column":5}},{"start":{},"end":{}}]},"22":{"loc":{"start":{"line":150,"column":4},"end":{"line":152,"column":5}},"type":"if","locations":[{"start":{"line":150,"column":4},"end":{"line":152,"column":5}},{"start":{},"end":{}}]},"23":{"loc":{"start":{"line":160,"column":4},"end":{"line":162,"column":5}},"type":"if","locations":[{"start":{"line":160,"column":4},"end":{"line":162,"column":5}},{"start":{},"end":{}}]},"24":{"loc":{"start":{"line":170,"column":4},"end":{"line":172,"column":5}},"type":"if","locations":[{"start":{"line":170,"column":4},"end":{"line":172,"column":5}},{"start":{},"end":{}}]},"25":{"loc":{"start":{"line":185,"column":4},"end":{"line":185,"column":57}},"type":"if","locations":[{"start":{"line":185,"column":4},"end":{"line":185,"column":57}},{"start":{},"end":{}}]},"26":{"loc":{"start":{"line":191,"column":4},"end":{"line":191,"column":57}},"type":"if","locations":[{"start":{"line":191,"column":4},"end":{"line":191,"column":57}},{"start":{},"end":{}}]},"27":{"loc":{"start":{"line":196,"column":4},"end":{"line":196,"column":57}},"type":"if","locations":[{"start":{"line":196,"column":4},"end":{"line":196,"column":57}},{"start":{},"end":{}}]}},"s":{"0":5,"1":5,"2":5,"3":5,"4":5,"5":5,"6":5,"7":5,"8":5,"9":5,"10":5,"11":5,"12":5,"13":5,"14":5,"15":5,"16":5,"17":5,"18":5,"19":5,"20":5,"21":5,"22":5,"23":5,"24":5,"25":5,"26":0,"27":0,"28":0,"29":0,"30":0,"31":0,"32":0,"33":5,"34":0,"35":5,"36":0,"37":0,"38":0,"39":0,"40":0,"41":0,"42":0,"43":0,"44":0,"45":0,"46":0,"47":0,"48":0,"49":0,"50":0,"51":0,"52":0,"53":0,"54":0,"55":0,"56":0,"57":0,"58":0,"59":0,"60":0,"61":0,"62":0,"63":0,"64":0,"65":0,"66":0,"67":0,"68":0,"69":0,"70":0,"71":0,"72":0,"73":0,"74":0,"75":0,"76":0,"77":0,"78":0,"79":0,"80":0,"81":0,"82":0,"83":0,"84":0,"85":0,"86":0,"87":0,"88":0,"89":0,"90":0,"91":0,"92":0,"93":0,"94":0,"95":0,"96":0,"97":0,"98":0,"99":0,"100":0,"101":0,"102":0,"103":0,"104":0,"105":0,"106":0,"107":0,"108":0,"109":0,"110":0,"111":0,"112":0,"113":0,"114":0,"115":0,"116":0,"117":0,"118":0,"119":0,"120":0,"121":0,"122":0,"123":0,"124":0,"125":0,"126":0,"127":0,"128":0,"129":0,"130":0},"f":{"0":0,"1":0,"2":0,"3":0,"4":0,"5":0,"6":0,"7":0,"8":0,"9":0,"10":0,"11":0,"12":0,"13":0,"14":0,"15":0,"16":0,"17":0,"18":0,"19":0,"20":0},"b":{"0":[0],"1":[0,0],"2":[0,0],"3":[0],"4":[0,0],"5":[0,0],"6":[0,0],"7":[0,0],"8":[0,0],"9":[0,0],"10":[0,0],"11":[0,0],"12":[0,0],"13":[0,0],"14":[0,0],"15":[0,0],"16":[0,0],"17":[0,0],"18":[0,0],"19":[0,0],"20":[0,0],"21":[0,0],"22":[0,0],"23":[0,0],"24":[0,0],"25":[0,0],"26":[0,0],"27":[0,0]}}
,"D:\\SWE2\\server\\src\\controllers\\messagingController.ts": {"path":"D:\\SWE2\\server\\src\\controllers\\messagingController.ts","statementMap":{"0":{"start":{"line":40,"column":0},"end":{"line":40,"column":16}},"1":{"start":{"line":51,"column":0},"end":{"line":51,"column":7}},"2":{"start":{"line":55,"column":0},"end":{"line":55,"column":7}},"3":{"start":{"line":64,"column":0},"end":{"line":64,"column":7}},"4":{"start":{"line":111,"column":0},"end":{"line":111,"column":7}},"5":{"start":{"line":2,"column":0},"end":{"line":2,"column":70}},"6":{"start":{"line":3,"column":0},"end":{"line":3,"column":80}},"7":{"start":{"line":4,"column":0},"end":{"line":4,"column":44}},"8":{"start":{"line":5,"column":0},"end":{"line":5,"column":54}},"9":{"start":{"line":6,"column":0},"end":{"line":6,"column":58}},"10":{"start":{"line":7,"column":0},"end":{"line":7,"column":62}},"11":{"start":{"line":8,"column":0},"end":{"line":8,"column":63}},"12":{"start":{"line":14,"column":0},"end":{"line":14,"column":68}},"13":{"start":{"line":16,"column":0},"end":{"line":16,"column":64}},"14":{"start":{"line":44,"column":4},"end":{"line":44,"column":58}},"15":{"start":{"line":45,"column":4},"end":{"line":45,"column":56}},"16":{"start":{"line":46,"column":4},"end":{"line":46,"column":68}},"17":{"start":{"line":47,"column":4},"end":{"line":47,"column":42}},"18":{"start":{"line":48,"column":4},"end":{"line":48,"column":52}},"19":{"start":{"line":52,"column":4},"end":{"line":52,"column":63}},"20":{"start":{"line":56,"column":4},"end":{"line":56,"column":64}},"21":{"start":{"line":68,"column":32},"end":{"line":68,"column":35}},"22":{"start":{"line":70,"column":17},"end":{"line":70,"column":54}},"23":{"start":{"line":71,"column":4},"end":{"line":71,"column":50}},"24":{"start":{"line":71,"column":15},"end":{"line":71,"column":50}},"25":{"start":{"line":74,"column":20},"end":{"line":74,"column":33}},"26":{"start":{"line":75,"column":4},"end":{"line":75,"column":24}},"27":{"start":{"line":76,"column":4},"end":{"line":76,"column":30}},"28":{"start":{"line":77,"column":4},"end":{"line":77,"column":28}},"29":{"start":{"line":78,"column":4},"end":{"line":78,"column":36}},"30":{"start":{"line":80,"column":25},"end":{"line":80,"column":61}},"31":{"start":{"line":82,"column":4},"end":{"line":102,"column":5}},"32":{"start":{"line":83,"column":22},"end":{"line":83,"column":40}},"33":{"start":{"line":84,"column":21},"end":{"line":84,"column":45}},"34":{"start":{"line":85,"column":8},"end":{"line":85,"column":26}},"35":{"start":{"line":86,"column":8},"end":{"line":86,"column":51}},"36":{"start":{"line":87,"column":8},"end":{"line":87,"column":49}},"37":{"start":{"line":88,"column":8},"end":{"line":88,"column":30}},"38":{"start":{"line":89,"column":27},"end":{"line":89,"column":66}},"39":{"start":{"line":91,"column":8},"end":{"line":91,"column":63}},"40":{"start":{"line":92,"column":8},"end":{"line":92,"column":66}},"41":{"start":{"line":93,"column":11},"end":{"line":102,"column":5}},"42":{"start":{"line":94,"column":24},"end":{"line":94,"column":66}},"43":{"start":{"line":95,"column":8},"end":{"line":95,"column":69}},"44":{"start":{"line":96,"column":11},"end":{"line":102,"column":5}},"45":{"start":{"line":97,"column":32},"end":{"line":97,"column":74}},"46":{"start":{"line":98,"column":8},"end":{"line":98,"column":77}},"47":{"start":{"line":100,"column":28},"end":{"line":100,"column":74}},"48":{"start":{"line":101,"column":8},"end":{"line":101,"column":73}},"49":{"start":{"line":104,"column":4},"end":{"line":104,"column":44}},"50":{"start":{"line":112,"column":4},"end":{"line":112,"column":81}},"51":{"start":{"line":112,"column":28},"end":{"line":112,"column":81}},"52":{"start":{"line":114,"column":17},"end":{"line":114,"column":79}},"53":{"start":{"line":115,"column":4},"end":{"line":115,"column":80}},"54":{"start":{"line":115,"column":15},"end":{"line":115,"column":80}},"55":{"start":{"line":116,"column":21},"end":{"line":116,"column":66}},"56":{"start":{"line":118,"column":4},"end":{"line":118,"column":44}}},"fnMap":{"0":{"name":"initializeMessageRepositories","decl":{"start":{"line":40,"column":16},"end":{"line":40,"column":45}},"loc":{"start":{"line":42,"column":22},"end":{"line":49,"column":1}}},"1":{"name":"createChatOfficerUser","decl":{"start":{"line":51,"column":22},"end":{"line":51,"column":43}},"loc":{"start":{"line":51,"column":60},"end":{"line":53,"column":1}}},"2":{"name":"createChatLeadExternal","decl":{"start":{"line":55,"column":22},"end":{"line":55,"column":44}},"loc":{"start":{"line":55,"column":61},"end":{"line":57,"column":1}}},"3":{"name":"getMessagesByReport","decl":{"start":{"line":111,"column":22},"end":{"line":111,"column":41}},"loc":{"start":{"line":111,"column":78},"end":{"line":119,"column":1}}}},"branchMap":{"0":{"loc":{"start":{"line":71,"column":4},"end":{"line":71,"column":50}},"type":"if","locations":[{"start":{"line":71,"column":4},"end":{"line":71,"column":50}},{"start":{},"end":{}}]},"1":{"loc":{"start":{"line":82,"column":4},"end":{"line":102,"column":5}},"type":"if","locations":[{"start":{"line":82,"column":4},"end":{"line":102,"column":5}},{"start":{"line":93,"column":11},"end":{"line":102,"column":5}}]},"2":{"loc":{"start":{"line":93,"column":11},"end":{"line":102,"column":5}},"type":"if","locations":[{"start":{"line":93,"column":11},"end":{"line":102,"column":5}},{"start":{"line":96,"column":11},"end":{"line":102,"column":5}}]},"3":{"loc":{"start":{"line":96,"column":11},"end":{"line":102,"column":5}},"type":"if","locations":[{"start":{"line":96,"column":11},"end":{"line":102,"column":5}},{"start":{"line":99,"column":11},"end":{"line":102,"column":5}}]},"4":{"loc":{"start":{"line":112,"column":4},"end":{"line":112,"column":81}},"type":"if","locations":[{"start":{"line":112,"column":4},"end":{"line":112,"column":81}},{"start":{},"end":{}}]},"5":{"loc":{"start":{"line":115,"column":4},"end":{"line":115,"column":80}},"type":"if","locations":[{"start":{"line":115,"column":4},"end":{"line":115,"column":80}},{"start":{},"end":{}}]}},"s":{"0":5,"1":5,"2":5,"3":5,"4":5,"5":5,"6":5,"7":5,"8":5,"9":5,"10":5,"11":5,"12":5,"13":5,"14":0,"15":0,"16":0,"17":0,"18":0,"19":0,"20":0,"21":0,"22":0,"23":0,"24":0,"25":0,"26":0,"27":0,"28":0,"29":0,"30":0,"31":0,"32":0,"33":0,"34":0,"35":0,"36":0,"37":0,"38":0,"39":0,"40":0,"41":0,"42":0,"43":0,"44":0,"45":0,"46":0,"47":0,"48":0,"49":0,"50":0,"51":0,"52":0,"53":0,"54":0,"55":0,"56":0},"f":{"0":0,"1":0,"2":0,"3":0},"b":{"0":[0,0],"1":[0,0],"2":[0,0],"3":[0,0],"4":[0,0],"5":[0,0]}}
,"D:\\SWE2\\server\\src\\controllers\\reportController.ts": {"path":"D:\\SWE2\\server\\src\\controllers\\reportController.ts","statementMap":{"0":{"start":{"line":25,"column":0},"end":{"line":25,"column":16}},"1":{"start":{"line":35,"column":0},"end":{"line":35,"column":7}},"2":{"start":{"line":63,"column":0},"end":{"line":63,"column":7}},"3":{"start":{"line":98,"column":0},"end":{"line":98,"column":7}},"4":{"start":{"line":116,"column":0},"end":{"line":116,"column":7}},"5":{"start":{"line":121,"column":0},"end":{"line":121,"column":7}},"6":{"start":{"line":128,"column":0},"end":{"line":128,"column":7}},"7":{"start":{"line":134,"column":0},"end":{"line":134,"column":7}},"8":{"start":{"line":139,"column":0},"end":{"line":139,"column":7}},"9":{"start":{"line":145,"column":0},"end":{"line":145,"column":7}},"10":{"start":{"line":4,"column":0},"end":{"line":4,"column":117}},"11":{"start":{"line":6,"column":0},"end":{"line":6,"column":68}},"12":{"start":{"line":7,"column":0},"end":{"line":7,"column":50}},"13":{"start":{"line":9,"column":0},"end":{"line":9,"column":111}},"14":{"start":{"line":10,"column":0},"end":{"line":10,"column":52}},"15":{"start":{"line":12,"column":0},"end":{"line":12,"column":54}},"16":{"start":{"line":13,"column":0},"end":{"line":13,"column":62}},"17":{"start":{"line":14,"column":0},"end":{"line":14,"column":80}},"18":{"start":{"line":15,"column":0},"end":{"line":15,"column":58}},"19":{"start":{"line":17,"column":0},"end":{"line":17,"column":86}},"20":{"start":{"line":26,"column":4},"end":{"line":26,"column":56}},"21":{"start":{"line":27,"column":4},"end":{"line":27,"column":68}},"22":{"start":{"line":28,"column":4},"end":{"line":28,"column":42}},"23":{"start":{"line":32,"column":61},"end":{"line":32,"column":76}},"24":{"start":{"line":32,"column":78},"end":{"line":32,"column":96}},"25":{"start":{"line":32,"column":97},"end":{"line":32,"column":106}},"26":{"start":{"line":36,"column":4},"end":{"line":36,"column":56}},"27":{"start":{"line":39,"column":22},"end":{"line":39,"column":61}},"28":{"start":{"line":40,"column":4},"end":{"line":40,"column":50}},"29":{"start":{"line":44,"column":4},"end":{"line":44,"column":34}},"30":{"start":{"line":45,"column":24},"end":{"line":45,"column":61}},"31":{"start":{"line":47,"column":4},"end":{"line":57,"column":5}},"32":{"start":{"line":48,"column":26},"end":{"line":53,"column":10}},"33":{"start":{"line":49,"column":32},"end":{"line":49,"column":49}},"34":{"start":{"line":50,"column":12},"end":{"line":50,"column":41}},"35":{"start":{"line":51,"column":12},"end":{"line":51,"column":45}},"36":{"start":{"line":52,"column":12},"end":{"line":52,"column":31}},"37":{"start":{"line":54,"column":8},"end":{"line":54,"column":73}},"38":{"start":{"line":56,"column":8},"end":{"line":56,"column":39}},"39":{"start":{"line":58,"column":4},"end":{"line":58,"column":47}},"40":{"start":{"line":68,"column":19},"end":{"line":68,"column":60}},"41":{"start":{"line":69,"column":4},"end":{"line":69,"column":55}},"42":{"start":{"line":69,"column":17},"end":{"line":69,"column":55}},"43":{"start":{"line":71,"column":4},"end":{"line":73,"column":5}},"44":{"start":{"line":72,"column":8},"end":{"line":72,"column":35}},"45":{"start":{"line":75,"column":4},"end":{"line":75,"column":30}},"46":{"start":{"line":76,"column":4},"end":{"line":76,"column":37}},"47":{"start":{"line":77,"column":26},"end":{"line":77,"column":63}},"48":{"start":{"line":80,"column":4},"end":{"line":92,"column":5}},"49":{"start":{"line":81,"column":29},"end":{"line":81,"column":47}},"50":{"start":{"line":82,"column":8},"end":{"line":82,"column":40}},"51":{"start":{"line":83,"column":8},"end":{"line":83,"column":104}},"52":{"start":{"line":84,"column":8},"end":{"line":84,"column":59}},"53":{"start":{"line":85,"column":8},"end":{"line":85,"column":37}},"54":{"start":{"line":86,"column":8},"end":{"line":86,"column":45}},"55":{"start":{"line":88,"column":27},"end":{"line":88,"column":73}},"56":{"start":{"line":91,"column":8},"end":{"line":91,"column":73}},"57":{"start":{"line":94,"column":4},"end":{"line":94,"column":49}},"58":{"start":{"line":99,"column":4},"end":{"line":99,"column":90}},"59":{"start":{"line":100,"column":19},"end":{"line":100,"column":60}},"60":{"start":{"line":101,"column":4},"end":{"line":101,"column":55}},"61":{"start":{"line":101,"column":17},"end":{"line":101,"column":55}},"62":{"start":{"line":103,"column":4},"end":{"line":109,"column":5}},"63":{"start":{"line":104,"column":8},"end":{"line":104,"column":38}},"64":{"start":{"line":105,"column":8},"end":{"line":105,"column":47}},"65":{"start":{"line":106,"column":8},"end":{"line":106,"column":46}},"66":{"start":{"line":108,"column":8},"end":{"line":108,"column":46}},"67":{"start":{"line":111,"column":4},"end":{"line":111,"column":41}},"68":{"start":{"line":112,"column":26},"end":{"line":112,"column":63}},"69":{"start":{"line":113,"column":4},"end":{"line":113,"column":49}},"70":{"start":{"line":117,"column":20},"end":{"line":117,"column":52}},"71":{"start":{"line":118,"column":4},"end":{"line":118,"column":47}},"72":{"start":{"line":122,"column":19},"end":{"line":122,"column":60}},"73":{"start":{"line":123,"column":4},"end":{"line":123,"column":55}},"74":{"start":{"line":123,"column":17},"end":{"line":123,"column":55}},"75":{"start":{"line":124,"column":4},"end":{"line":124,"column":42}},"76":{"start":{"line":129,"column":20},"end":{"line":129,"column":71}},"77":{"start":{"line":130,"column":20},"end":{"line":130,"column":65}},"78":{"start":{"line":131,"column":4},"end":{"line":131,"column":47}},"79":{"start":{"line":135,"column":20},"end":{"line":135,"column":57}},"80":{"start":{"line":136,"column":4},"end":{"line":136,"column":47}},"81":{"start":{"line":140,"column":20},"end":{"line":140,"column":71}},"82":{"start":{"line":141,"column":28},"end":{"line":141,"column":84}},"83":{"start":{"line":141,"column":53},"end":{"line":141,"column":83}},"84":{"start":{"line":142,"column":4},"end":{"line":142,"column":55}},"85":{"start":{"line":146,"column":20},"end":{"line":146,"column":63}},"86":{"start":{"line":147,"column":4},"end":{"line":147,"column":47}}},"fnMap":{"0":{"name":"initializeReportRepositories","decl":{"start":{"line":25,"column":16},"end":{"line":25,"column":44}},"loc":{"start":{"line":25,"column":79},"end":{"line":29,"column":1}}},"1":{"name":"appErr","decl":{"start":{"line":32,"column":9},"end":{"line":32,"column":15}},"loc":{"start":{"line":32,"column":42},"end":{"line":32,"column":108}}},"2":{"name":"addReport","decl":{"start":{"line":35,"column":22},"end":{"line":35,"column":31}},"loc":{"start":{"line":35,"column":66},"end":{"line":59,"column":1}}},"3":{"name":"(anonymous_3)","decl":{"start":{"line":48,"column":48},"end":{"line":48,"column":56}},"loc":{"start":{"line":48,"column":59},"end":{"line":53,"column":9}}},"4":{"name":"updateReportStatus","decl":{"start":{"line":63,"column":22},"end":{"line":63,"column":40}},"loc":{"start":{"line":66,"column":23},"end":{"line":95,"column":1}}},"5":{"name":"updateReportOfficer","decl":{"start":{"line":98,"column":22},"end":{"line":98,"column":41}},"loc":{"start":{"line":98,"column":131},"end":{"line":114,"column":1}}},"6":{"name":"getAllReports","decl":{"start":{"line":116,"column":22},"end":{"line":116,"column":35}},"loc":{"start":{"line":116,"column":35},"end":{"line":119,"column":1}}},"7":{"name":"getReportById","decl":{"start":{"line":121,"column":22},"end":{"line":121,"column":35}},"loc":{"start":{"line":121,"column":52},"end":{"line":125,"column":1}}},"8":{"name":"GetReportsByOfficerUsername","decl":{"start":{"line":128,"column":22},"end":{"line":128,"column":49}},"loc":{"start":{"line":128,"column":66},"end":{"line":132,"column":1}}},"9":{"name":"getAllAcceptedReports","decl":{"start":{"line":134,"column":22},"end":{"line":134,"column":43}},"loc":{"start":{"line":134,"column":43},"end":{"line":137,"column":1}}},"10":{"name":"getReportsByCategoryIdAndStatus","decl":{"start":{"line":139,"column":22},"end":{"line":139,"column":53}},"loc":{"start":{"line":139,"column":95},"end":{"line":143,"column":1}}},"11":{"name":"(anonymous_11)","decl":{"start":{"line":141,"column":43},"end":{"line":141,"column":49}},"loc":{"start":{"line":141,"column":53},"end":{"line":141,"column":83}}},"12":{"name":"getUserReports","decl":{"start":{"line":145,"column":22},"end":{"line":145,"column":36}},"loc":{"start":{"line":145,"column":51},"end":{"line":148,"column":1}}}},"branchMap":{"0":{"loc":{"start":{"line":32,"column":30},"end":{"line":32,"column":42}},"type":"default-arg","locations":[{"start":{"line":32,"column":39},"end":{"line":32,"column":42}}]},"1":{"loc":{"start":{"line":47,"column":4},"end":{"line":57,"column":5}},"type":"if","locations":[{"start":{"line":47,"column":4},"end":{"line":57,"column":5}},{"start":{},"end":{}}]},"2":{"loc":{"start":{"line":47,"column":8},"end":{"line":47,"column":57}},"type":"binary-expr","locations":[{"start":{"line":47,"column":8},"end":{"line":47,"column":25}},{"start":{"line":47,"column":29},"end":{"line":47,"column":57}}]},"3":{"loc":{"start":{"line":69,"column":4},"end":{"line":69,"column":55}},"type":"if","locations":[{"start":{"line":69,"column":4},"end":{"line":69,"column":55}},{"start":{},"end":{}}]},"4":{"loc":{"start":{"line":71,"column":4},"end":{"line":73,"column":5}},"type":"if","locations":[{"start":{"line":71,"column":4},"end":{"line":73,"column":5}},{"start":{},"end":{}}]},"5":{"loc":{"start":{"line":80,"column":4},"end":{"line":92,"column":5}},"type":"if","locations":[{"start":{"line":80,"column":4},"end":{"line":92,"column":5}},{"start":{},"end":{}}]},"6":{"loc":{"start":{"line":101,"column":4},"end":{"line":101,"column":55}},"type":"if","locations":[{"start":{"line":101,"column":4},"end":{"line":101,"column":55}},{"start":{},"end":{}}]},"7":{"loc":{"start":{"line":103,"column":4},"end":{"line":109,"column":5}},"type":"if","locations":[{"start":{"line":103,"column":4},"end":{"line":109,"column":5}},{"start":{"line":107,"column":11},"end":{"line":109,"column":5}}]},"8":{"loc":{"start":{"line":123,"column":4},"end":{"line":123,"column":55}},"type":"if","locations":[{"start":{"line":123,"column":4},"end":{"line":123,"column":55}},{"start":{},"end":{}}]}},"s":{"0":5,"1":5,"2":5,"3":5,"4":5,"5":5,"6":5,"7":5,"8":5,"9":5,"10":5,"11":5,"12":5,"13":5,"14":5,"15":5,"16":5,"17":5,"18":5,"19":5,"20":0,"21":0,"22":0,"23":0,"24":0,"25":0,"26":0,"27":0,"28":0,"29":0,"30":0,"31":0,"32":0,"33":0,"34":0,"35":0,"36":0,"37":0,"38":0,"39":0,"40":0,"41":0,"42":0,"43":0,"44":0,"45":0,"46":0,"47":0,"48":0,"49":0,"50":0,"51":0,"52":0,"53":0,"54":0,"55":0,"56":0,"57":0,"58":0,"59":0,"60":0,"61":0,"62":0,"63":0,"64":0,"65":0,"66":0,"67":0,"68":0,"69":0,"70":0,"71":0,"72":0,"73":0,"74":0,"75":0,"76":0,"77":0,"78":0,"79":0,"80":0,"81":0,"82":0,"83":0,"84":0,"85":0,"86":0},"f":{"0":0,"1":0,"2":0,"3":0,"4":0,"5":0,"6":0,"7":0,"8":0,"9":0,"10":0,"11":0,"12":0},"b":{"0":[0],"1":[0,0],"2":[0,0],"3":[0,0],"4":[0,0],"5":[0,0],"6":[0,0],"7":[0,0],"8":[0,0]}}
,"D:\\SWE2\\server\\src\\models\\Chat.ts": {"path":"D:\\SWE2\\server\\src\\models\\Chat.ts","statementMap":{"0":{"start":{"line":1,"column":0},"end":{"line":1,"column":99}},"1":{"start":{"line":2,"column":0},"end":{"line":2,"column":34}},"2":{"start":{"line":3,"column":0},"end":{"line":3,"column":38}},"3":{"start":{"line":4,"column":0},"end":{"line":4,"column":36}},"4":{"start":{"line":7,"column":7},"end":{"line":20,"column":null}},"5":{"start":{"line":7,"column":13},"end":{"line":7,"column":17}},"6":{"start":{"line":9,"column":2},"end":{"line":9,"column":null}},"7":{"start":{"line":13,"column":2},"end":{"line":13,"column":null}},"8":{"start":{"line":11,"column":19},"end":{"line":11,"column":25}},"9":{"start":{"line":11,"column":37},"end":{"line":11,"column":49}},"10":{"start":{"line":16,"column":2},"end":{"line":16,"column":null}},"11":{"start":{"line":19,"column":2},"end":{"line":19,"column":null}},"12":{"start":{"line":18,"column":19},"end":{"line":18,"column":26}},"13":{"start":{"line":18,"column":39},"end":{"line":18,"column":51}},"14":{"start":{"line":7,"column":13},"end":{"line":20,"column":null}}},"fnMap":{"0":{"name":"(anonymous_2)","decl":{"start":{"line":11,"column":13},"end":{"line":11,"column":16}},"loc":{"start":{"line":11,"column":19},"end":{"line":11,"column":25}}},"1":{"name":"(anonymous_3)","decl":{"start":{"line":11,"column":27},"end":{"line":11,"column":33}},"loc":{"start":{"line":11,"column":37},"end":{"line":11,"column":49}}},"2":{"name":"(anonymous_4)","decl":{"start":{"line":18,"column":13},"end":{"line":18,"column":16}},"loc":{"start":{"line":18,"column":19},"end":{"line":18,"column":26}}},"3":{"name":"(anonymous_5)","decl":{"start":{"line":18,"column":28},"end":{"line":18,"column":35}},"loc":{"start":{"line":18,"column":39},"end":{"line":18,"column":51}}}},"branchMap":{},"s":{"0":12,"1":12,"2":12,"3":12,"4":12,"5":12,"6":12,"7":12,"8":0,"9":0,"10":12,"11":12,"12":0,"13":0,"14":12},"f":{"0":0,"1":0,"2":0,"3":0},"b":{}}
,"D:\\SWE2\\server\\src\\models\\ChatType.ts": {"path":"D:\\SWE2\\server\\src\\models\\ChatType.ts","statementMap":{"0":{"start":{"line":1,"column":0},"end":{"line":1,"column":null}},"1":{"start":{"line":2,"column":2},"end":{"line":2,"column":null}},"2":{"start":{"line":3,"column":2},"end":{"line":3,"column":null}}},"fnMap":{"0":{"name":"(anonymous_0)","decl":{"start":{"line":1,"column":0},"end":{"line":1,"column":12}},"loc":{"start":{"line":1,"column":20},"end":{"line":4,"column":1}}}},"branchMap":{"0":{"loc":{"start":{"line":1,"column":12},"end":{"line":1,"column":null}},"type":"binary-expr","locations":[{"start":{"line":1,"column":12},"end":{"line":1,"column":20}},{"start":{"line":1,"column":20},"end":{"line":1,"column":null}}]}},"s":{"0":12,"1":12,"2":12},"f":{"0":12},"b":{"0":[12,12]}}
,"D:\\SWE2\\server\\src\\models\\Message.ts": {"path":"D:\\SWE2\\server\\src\\models\\Message.ts","statementMap":{"0":{"start":{"line":1,"column":0},"end":{"line":1,"column":105}},"1":{"start":{"line":4,"column":0},"end":{"line":4,"column":42}},"2":{"start":{"line":5,"column":0},"end":{"line":5,"column":30}},"3":{"start":{"line":8,"column":7},"end":{"line":24,"column":null}},"4":{"start":{"line":8,"column":13},"end":{"line":8,"column":20}},"5":{"start":{"line":10,"column":2},"end":{"line":10,"column":null}},"6":{"start":{"line":13,"column":2},"end":{"line":13,"column":null}},"7":{"start":{"line":16,"column":2},"end":{"line":16,"column":null}},"8":{"start":{"line":19,"column":2},"end":{"line":19,"column":null}},"9":{"start":{"line":18,"column":48},"end":{"line":18,"column":67}},"10":{"start":{"line":23,"column":2},"end":{"line":23,"column":null}},"11":{"start":{"line":21,"column":19},"end":{"line":21,"column":23}},"12":{"start":{"line":21,"column":33},"end":{"line":21,"column":46}},"13":{"start":{"line":8,"column":13},"end":{"line":24,"column":null}}},"fnMap":{"0":{"name":"(anonymous_2)","decl":{"start":{"line":18,"column":42},"end":{"line":18,"column":45}},"loc":{"start":{"line":18,"column":48},"end":{"line":18,"column":67}}},"1":{"name":"(anonymous_3)","decl":{"start":{"line":21,"column":13},"end":{"line":21,"column":16}},"loc":{"start":{"line":21,"column":19},"end":{"line":21,"column":23}}},"2":{"name":"(anonymous_4)","decl":{"start":{"line":21,"column":25},"end":{"line":21,"column":29}},"loc":{"start":{"line":21,"column":33},"end":{"line":21,"column":46}}}},"branchMap":{},"s":{"0":12,"1":12,"2":12,"3":12,"4":12,"5":12,"6":12,"7":12,"8":12,"9":0,"10":12,"11":0,"12":0,"13":12},"f":{"0":0,"1":0,"2":0},"b":{}}
,"D:\\SWE2\\server\\src\\models\\MunicipalityOfficer.ts": {"path":"D:\\SWE2\\server\\src\\models\\MunicipalityOfficer.ts","statementMap":{"0":{"start":{"line":1,"column":0},"end":{"line":1,"column":97}},"1":{"start":{"line":2,"column":0},"end":{"line":2,"column":30}},"2":{"start":{"line":3,"column":0},"end":{"line":3,"column":34}},"3":{"start":{"line":6,"column":7},"end":{"line":37,"column":null}},"4":{"start":{"line":6,"column":13},"end":{"line":6,"column":32}},"5":{"start":{"line":8,"column":2},"end":{"line":8,"column":null}},"6":{"start":{"line":11,"column":2},"end":{"line":11,"column":null}},"7":{"start":{"line":14,"column":2},"end":{"line":14,"column":null}},"8":{"start":{"line":17,"column":2},"end":{"line":17,"column":null}},"9":{"start":{"line":20,"column":2},"end":{"line":20,"column":null}},"10":{"start":{"line":23,"column":2},"end":{"line":23,"column":null}},"11":{"start":{"line":26,"column":2},"end":{"line":26,"column":null}},"12":{"start":{"line":30,"column":2},"end":{"line":30,"column":null}},"13":{"start":{"line":28,"column":19},"end":{"line":28,"column":23}},"14":{"start":{"line":28,"column":35},"end":{"line":28,"column":59}},"15":{"start":{"line":33,"column":2},"end":{"line":33,"column":null}},"16":{"start":{"line":32,"column":19},"end":{"line":32,"column":25}},"17":{"start":{"line":32,"column":39},"end":{"line":32,"column":53}},"18":{"start":{"line":36,"column":2},"end":{"line":36,"column":null}},"19":{"start":{"line":35,"column":19},"end":{"line":35,"column":25}},"20":{"start":{"line":35,"column":39},"end":{"line":35,"column":57}},"21":{"start":{"line":6,"column":13},"end":{"line":37,"column":null}}},"fnMap":{"0":{"name":"(anonymous_2)","decl":{"start":{"line":28,"column":13},"end":{"line":28,"column":16}},"loc":{"start":{"line":28,"column":19},"end":{"line":28,"column":23}}},"1":{"name":"(anonymous_3)","decl":{"start":{"line":28,"column":25},"end":{"line":28,"column":26}},"loc":{"start":{"line":28,"column":35},"end":{"line":28,"column":59}}},"2":{"name":"(anonymous_4)","decl":{"start":{"line":32,"column":13},"end":{"line":32,"column":16}},"loc":{"start":{"line":32,"column":19},"end":{"line":32,"column":25}}},"3":{"name":"(anonymous_5)","decl":{"start":{"line":32,"column":27},"end":{"line":32,"column":28}},"loc":{"start":{"line":32,"column":39},"end":{"line":32,"column":53}}},"4":{"name":"(anonymous_6)","decl":{"start":{"line":35,"column":13},"end":{"line":35,"column":16}},"loc":{"start":{"line":35,"column":19},"end":{"line":35,"column":25}}},"5":{"name":"(anonymous_7)","decl":{"start":{"line":35,"column":27},"end":{"line":35,"column":28}},"loc":{"start":{"line":35,"column":39},"end":{"line":35,"column":57}}}},"branchMap":{},"s":{"0":12,"1":12,"2":12,"3":12,"4":12,"5":12,"6":12,"7":12,"8":12,"9":12,"10":12,"11":12,"12":12,"13":18,"14":15,"15":12,"16":18,"17":15,"18":12,"19":18,"20":15,"21":12},"f":{"0":18,"1":15,"2":18,"3":15,"4":18,"5":15},"b":{}}
,"D:\\SWE2\\server\\src\\models\\Report.ts": {"path":"D:\\SWE2\\server\\src\\models\\Report.ts","statementMap":{"0":{"start":{"line":1,"column":0},"end":{"line":1,"column":99}},"1":{"start":{"line":2,"column":0},"end":{"line":2,"column":30}},"2":{"start":{"line":3,"column":0},"end":{"line":3,"column":38}},"3":{"start":{"line":4,"column":0},"end":{"line":4,"column":44}},"4":{"start":{"line":5,"column":0},"end":{"line":5,"column":42}},"5":{"start":{"line":6,"column":0},"end":{"line":6,"column":60}},"6":{"start":{"line":7,"column":0},"end":{"line":7,"column":30}},"7":{"start":{"line":10,"column":7},"end":{"line":61,"column":null}},"8":{"start":{"line":10,"column":13},"end":{"line":10,"column":19}},"9":{"start":{"line":12,"column":2},"end":{"line":12,"column":null}},"10":{"start":{"line":15,"column":2},"end":{"line":15,"column":null}},"11":{"start":{"line":18,"column":2},"end":{"line":18,"column":null}},"12":{"start":{"line":21,"column":2},"end":{"line":21,"column":null}},"13":{"start":{"line":24,"column":2},"end":{"line":24,"column":null}},"14":{"start":{"line":31,"column":2},"end":{"line":31,"column":null}},"15":{"start":{"line":34,"column":2},"end":{"line":34,"column":null}},"16":{"start":{"line":37,"column":2},"end":{"line":37,"column":null}},"17":{"start":{"line":36,"column":48},"end":{"line":36,"column":67}},"18":{"start":{"line":41,"column":2},"end":{"line":41,"column":null}},"19":{"start":{"line":39,"column":19},"end":{"line":39,"column":38}},"20":{"start":{"line":39,"column":53},"end":{"line":39,"column":68}},"21":{"start":{"line":45,"column":2},"end":{"line":45,"column":null}},"22":{"start":{"line":43,"column":19},"end":{"line":43,"column":23}},"23":{"start":{"line":43,"column":35},"end":{"line":43,"column":47}},"24":{"start":{"line":49,"column":2},"end":{"line":49,"column":null}},"25":{"start":{"line":47,"column":19},"end":{"line":47,"column":27}},"26":{"start":{"line":47,"column":43},"end":{"line":47,"column":59}},"27":{"start":{"line":52,"column":2},"end":{"line":52,"column":null}},"28":{"start":{"line":51,"column":19},"end":{"line":51,"column":30}},"29":{"start":{"line":51,"column":43},"end":{"line":51,"column":55}},"30":{"start":{"line":55,"column":2},"end":{"line":55,"column":null}},"31":{"start":{"line":54,"column":19},"end":{"line":54,"column":23}},"32":{"start":{"line":54,"column":33},"end":{"line":54,"column":44}},"33":{"start":{"line":60,"column":2},"end":{"line":60,"column":null}},"34":{"start":{"line":58,"column":19},"end":{"line":58,"column":38}},"35":{"start":{"line":58,"column":53},"end":{"line":58,"column":72}},"36":{"start":{"line":10,"column":13},"end":{"line":61,"column":null}}},"fnMap":{"0":{"name":"(anonymous_2)","decl":{"start":{"line":36,"column":42},"end":{"line":36,"column":45}},"loc":{"start":{"line":36,"column":48},"end":{"line":36,"column":67}}},"1":{"name":"(anonymous_3)","decl":{"start":{"line":39,"column":13},"end":{"line":39,"column":16}},"loc":{"start":{"line":39,"column":19},"end":{"line":39,"column":38}}},"2":{"name":"(anonymous_4)","decl":{"start":{"line":39,"column":40},"end":{"line":39,"column":41}},"loc":{"start":{"line":39,"column":53},"end":{"line":39,"column":68}}},"3":{"name":"(anonymous_5)","decl":{"start":{"line":43,"column":13},"end":{"line":43,"column":16}},"loc":{"start":{"line":43,"column":19},"end":{"line":43,"column":23}}},"4":{"name":"(anonymous_6)","decl":{"start":{"line":43,"column":25},"end":{"line":43,"column":26}},"loc":{"start":{"line":43,"column":35},"end":{"line":43,"column":47}}},"5":{"name":"(anonymous_7)","decl":{"start":{"line":47,"column":13},"end":{"line":47,"column":16}},"loc":{"start":{"line":47,"column":19},"end":{"line":47,"column":27}}},"6":{"name":"(anonymous_8)","decl":{"start":{"line":47,"column":29},"end":{"line":47,"column":30}},"loc":{"start":{"line":47,"column":43},"end":{"line":47,"column":59}}},"7":{"name":"(anonymous_9)","decl":{"start":{"line":51,"column":13},"end":{"line":51,"column":16}},"loc":{"start":{"line":51,"column":19},"end":{"line":51,"column":30}}},"8":{"name":"(anonymous_10)","decl":{"start":{"line":51,"column":32},"end":{"line":51,"column":33}},"loc":{"start":{"line":51,"column":43},"end":{"line":51,"column":55}}},"9":{"name":"(anonymous_11)","decl":{"start":{"line":54,"column":13},"end":{"line":54,"column":16}},"loc":{"start":{"line":54,"column":19},"end":{"line":54,"column":23}}},"10":{"name":"(anonymous_12)","decl":{"start":{"line":54,"column":25},"end":{"line":54,"column":29}},"loc":{"start":{"line":54,"column":33},"end":{"line":54,"column":44}}},"11":{"name":"(anonymous_13)","decl":{"start":{"line":58,"column":13},"end":{"line":58,"column":16}},"loc":{"start":{"line":58,"column":19},"end":{"line":58,"column":38}}},"12":{"name":"(anonymous_14)","decl":{"start":{"line":58,"column":40},"end":{"line":58,"column":41}},"loc":{"start":{"line":58,"column":53},"end":{"line":58,"column":72}}}},"branchMap":{},"s":{"0":12,"1":12,"2":12,"3":12,"4":12,"5":12,"6":12,"7":12,"8":12,"9":12,"10":12,"11":12,"12":12,"13":12,"14":12,"15":12,"16":12,"17":0,"18":12,"19":18,"20":18,"21":12,"22":18,"23":18,"24":12,"25":18,"26":18,"27":12,"28":18,"29":18,"30":12,"31":18,"32":0,"33":12,"34":18,"35":0,"36":12},"f":{"0":0,"1":18,"2":18,"3":18,"4":18,"5":18,"6":18,"7":18,"8":18,"9":18,"10":0,"11":18,"12":0},"b":{}}
,"D:\\SWE2\\server\\src\\models\\SenderType.ts": {"path":"D:\\SWE2\\server\\src\\models\\SenderType.ts","statementMap":{"0":{"start":{"line":1,"column":0},"end":{"line":1,"column":null}},"1":{"start":{"line":2,"column":2},"end":{"line":2,"column":null}},"2":{"start":{"line":3,"column":2},"end":{"line":3,"column":null}},"3":{"start":{"line":4,"column":2},"end":{"line":4,"column":null}},"4":{"start":{"line":5,"column":2},"end":{"line":5,"column":null}}},"fnMap":{"0":{"name":"(anonymous_0)","decl":{"start":{"line":1,"column":0},"end":{"line":1,"column":12}},"loc":{"start":{"line":1,"column":22},"end":{"line":6,"column":1}}}},"branchMap":{"0":{"loc":{"start":{"line":1,"column":12},"end":{"line":1,"column":null}},"type":"binary-expr","locations":[{"start":{"line":1,"column":12},"end":{"line":1,"column":22}},{"start":{"line":1,"column":22},"end":{"line":1,"column":null}}]}},"s":{"0":12,"1":12,"2":12,"3":12,"4":12},"f":{"0":12},"b":{"0":[12,12]}}
,"D:\\SWE2\\server\\src\\models\\User.ts": {"path":"D:\\SWE2\\server\\src\\models\\User.ts","statementMap":{"0":{"start":{"line":1,"column":0},"end":{"line":1,"column":76}},"1":{"start":{"line":2,"column":0},"end":{"line":2,"column":34}},"2":{"start":{"line":3,"column":0},"end":{"line":3,"column":46}},"3":{"start":{"line":6,"column":7},"end":{"line":39,"column":null}},"4":{"start":{"line":6,"column":13},"end":{"line":6,"column":17}},"5":{"start":{"line":8,"column":2},"end":{"line":8,"column":null}},"6":{"start":{"line":11,"column":2},"end":{"line":11,"column":null}},"7":{"start":{"line":14,"column":2},"end":{"line":14,"column":null}},"8":{"start":{"line":17,"column":2},"end":{"line":17,"column":null}},"9":{"start":{"line":20,"column":2},"end":{"line":20,"column":null}},"10":{"start":{"line":23,"column":2},"end":{"line":23,"column":null}},"11":{"start":{"line":26,"column":2},"end":{"line":26,"column":null}},"12":{"start":{"line":29,"column":2},"end":{"line":29,"column":null}},"13":{"start":{"line":32,"column":2},"end":{"line":32,"column":null}},"14":{"start":{"line":35,"column":2},"end":{"line":35,"column":null}},"15":{"start":{"line":34,"column":19},"end":{"line":34,"column":25}},"16":{"start":{"line":34,"column":39},"end":{"line":34,"column":50}},"17":{"start":{"line":38,"column":2},"end":{"line":38,"column":null}},"18":{"start":{"line":37,"column":19},"end":{"line":37,"column":31}},"19":{"start":{"line":37,"column":42},"end":{"line":37,"column":52}},"20":{"start":{"line":6,"column":13},"end":{"line":39,"column":null}}},"fnMap":{"0":{"name":"(anonymous_2)","decl":{"start":{"line":34,"column":13},"end":{"line":34,"column":16}},"loc":{"start":{"line":34,"column":19},"end":{"line":34,"column":25}}},"1":{"name":"(anonymous_3)","decl":{"start":{"line":34,"column":27},"end":{"line":34,"column":28}},"loc":{"start":{"line":34,"column":39},"end":{"line":34,"column":50}}},"2":{"name":"(anonymous_4)","decl":{"start":{"line":37,"column":13},"end":{"line":37,"column":16}},"loc":{"start":{"line":37,"column":19},"end":{"line":37,"column":31}}},"3":{"name":"(anonymous_5)","decl":{"start":{"line":37,"column":33},"end":{"line":37,"column":38}},"loc":{"start":{"line":37,"column":42},"end":{"line":37,"column":52}}}},"branchMap":{},"s":{"0":12,"1":12,"2":12,"3":12,"4":12,"5":12,"6":12,"7":12,"8":12,"9":12,"10":12,"11":12,"12":12,"13":12,"14":12,"15":18,"16":4,"17":12,"18":18,"19":4,"20":12},"f":{"0":18,"1":4,"2":18,"3":4},"b":{}}
,"D:\\SWE2\\server\\src\\models\\DTOs\\CreateOfficerRequestDTO.ts": {"path":"D:\\SWE2\\server\\src\\models\\DTOs\\CreateOfficerRequestDTO.ts","statementMap":{"0":{"start":{"line":1,"column":0},"end":{"line":1,"column":65}},"1":{"start":{"line":3,"column":0},"end":{"line":3,"column":13}},"2":{"start":{"line":5,"column":4},"end":{"line":5,"column":null}},"3":{"start":{"line":8,"column":4},"end":{"line":8,"column":null}},"4":{"start":{"line":11,"column":4},"end":{"line":11,"column":null}},"5":{"start":{"line":14,"column":4},"end":{"line":14,"column":null}},"6":{"start":{"line":17,"column":4},"end":{"line":17,"column":null}},"7":{"start":{"line":20,"column":4},"end":{"line":20,"column":null}}},"fnMap":{},"branchMap":{},"s":{"0":1,"1":1,"2":1,"3":1,"4":1,"5":1,"6":1,"7":1},"f":{},"b":{}}
,"D:\\SWE2\\server\\src\\models\\DTOs\\MunicipalityOfficerResponseDTO.ts": {"path":"D:\\SWE2\\server\\src\\models\\DTOs\\MunicipalityOfficerResponseDTO.ts","statementMap":{"0":{"start":{"line":1,"column":0},"end":{"line":1,"column":54}},"1":{"start":{"line":17,"column":4},"end":{"line":17,"column":31}},"2":{"start":{"line":4,"column":0},"end":{"line":4,"column":13}},"3":{"start":{"line":7,"column":18},"end":{"line":7,"column":null}},"4":{"start":{"line":9,"column":15},"end":{"line":9,"column":null}},"5":{"start":{"line":11,"column":18},"end":{"line":11,"column":null}},"6":{"start":{"line":13,"column":18},"end":{"line":13,"column":null}},"7":{"start":{"line":15,"column":18},"end":{"line":15,"column":null}}},"fnMap":{"0":{"name":"(anonymous_2)","decl":{"start":{"line":4,"column":0},"end":{"line":4,"column":13}},"loc":{"start":{"line":4,"column":0},"end":{"line":18,"column":1}}}},"branchMap":{},"s":{"0":1,"1":0,"2":1,"3":1,"4":1,"5":1,"6":1,"7":1},"f":{"0":0},"b":{}}
,"D:\\SWE2\\server\\src\\repositories\\ChatRepository.ts": {"path":"D:\\SWE2\\server\\src\\repositories\\ChatRepository.ts","statementMap":{"0":{"start":{"line":1,"column":0},"end":{"line":1,"column":38}},"1":{"start":{"line":3,"column":0},"end":{"line":3,"column":46}},"2":{"start":{"line":9,"column":8},"end":{"line":9,"column":61}},"3":{"start":{"line":13,"column":8},"end":{"line":16,"column":11}},"4":{"start":{"line":21,"column":8},"end":{"line":29,"column":22}},"5":{"start":{"line":33,"column":8},"end":{"line":39,"column":22}},"6":{"start":{"line":43,"column":8},"end":{"line":43,"column":46}},"7":{"start":{"line":47,"column":8},"end":{"line":47,"column":47}},"8":{"start":{"line":51,"column":21},"end":{"line":51,"column":31}},"9":{"start":{"line":52,"column":8},"end":{"line":52,"column":42}},"10":{"start":{"line":53,"column":8},"end":{"line":53,"column":46}},"11":{"start":{"line":54,"column":8},"end":{"line":54,"column":46}},"12":{"start":{"line":58,"column":21},"end":{"line":58,"column":31}},"13":{"start":{"line":59,"column":8},"end":{"line":59,"column":43}},"14":{"start":{"line":60,"column":8},"end":{"line":60,"column":46}},"15":{"start":{"line":61,"column":8},"end":{"line":61,"column":46}},"16":{"start":{"line":5,"column":0},"end":{"line":5,"column":13}}},"fnMap":{"0":{"name":"(anonymous_0)","decl":{"start":{"line":8,"column":4},"end":{"line":8,"column":16}},"loc":{"start":{"line":8,"column":38},"end":{"line":10,"column":5}}},"1":{"name":"(anonymous_1)","decl":{"start":{"line":12,"column":4},"end":{"line":12,"column":9}},"loc":{"start":{"line":12,"column":44},"end":{"line":17,"column":5}}},"2":{"name":"(anonymous_2)","decl":{"start":{"line":19,"column":4},"end":{"line":19,"column":9}},"loc":{"start":{"line":19,"column":29},"end":{"line":30,"column":5}}},"3":{"name":"(anonymous_3)","decl":{"start":{"line":32,"column":4},"end":{"line":32,"column":9}},"loc":{"start":{"line":32,"column":64},"end":{"line":40,"column":5}}},"4":{"name":"(anonymous_4)","decl":{"start":{"line":42,"column":4},"end":{"line":42,"column":9}},"loc":{"start":{"line":42,"column":24},"end":{"line":44,"column":5}}},"5":{"name":"(anonymous_5)","decl":{"start":{"line":46,"column":4},"end":{"line":46,"column":9}},"loc":{"start":{"line":46,"column":27},"end":{"line":48,"column":5}}},"6":{"name":"(anonymous_6)","decl":{"start":{"line":50,"column":4},"end":{"line":50,"column":9}},"loc":{"start":{"line":50,"column":53},"end":{"line":55,"column":5}}},"7":{"name":"(anonymous_7)","decl":{"start":{"line":57,"column":4},"end":{"line":57,"column":9}},"loc":{"start":{"line":57,"column":54},"end":{"line":62,"column":5}}}},"branchMap":{},"s":{"0":5,"1":5,"2":0,"3":0,"4":0,"5":0,"6":0,"7":0,"8":0,"9":0,"10":0,"11":0,"12":0,"13":0,"14":0,"15":0,"16":5},"f":{"0":0,"1":0,"2":0,"3":0,"4":0,"5":0,"6":0,"7":0},"b":{}}
,"D:\\SWE2\\server\\src\\repositories\\MessageRepository.ts": {"path":"D:\\SWE2\\server\\src\\repositories\\MessageRepository.ts","statementMap":{"0":{"start":{"line":3,"column":0},"end":{"line":3,"column":44}},"1":{"start":{"line":9,"column":8},"end":{"line":9,"column":63}},"2":{"start":{"line":16,"column":8},"end":{"line":19,"column":11}},"3":{"start":{"line":26,"column":8},"end":{"line":28,"column":11}},"4":{"start":{"line":36,"column":8},"end":{"line":52,"column":11}},"5":{"start":{"line":60,"column":8},"end":{"line":60,"column":48}},"6":{"start":{"line":67,"column":8},"end":{"line":67,"column":49}},"7":{"start":{"line":5,"column":0},"end":{"line":5,"column":13}}},"fnMap":{"0":{"name":"(anonymous_0)","decl":{"start":{"line":8,"column":4},"end":{"line":8,"column":16}},"loc":{"start":{"line":8,"column":38},"end":{"line":10,"column":5}}},"1":{"name":"(anonymous_1)","decl":{"start":{"line":15,"column":4},"end":{"line":15,"column":9}},"loc":{"start":{"line":15,"column":17},"end":{"line":20,"column":5}}},"2":{"name":"(anonymous_2)","decl":{"start":{"line":25,"column":4},"end":{"line":25,"column":9}},"loc":{"start":{"line":25,"column":29},"end":{"line":29,"column":5}}},"3":{"name":"(anonymous_3)","decl":{"start":{"line":34,"column":4},"end":{"line":34,"column":9}},"loc":{"start":{"line":34,"column":37},"end":{"line":54,"column":5}}},"4":{"name":"(anonymous_4)","decl":{"start":{"line":59,"column":4},"end":{"line":59,"column":9}},"loc":{"start":{"line":59,"column":30},"end":{"line":61,"column":5}}},"5":{"name":"(anonymous_5)","decl":{"start":{"line":66,"column":4},"end":{"line":66,"column":9}},"loc":{"start":{"line":66,"column":33},"end":{"line":68,"column":5}}}},"branchMap":{},"s":{"0":5,"1":0,"2":0,"3":0,"4":0,"5":0,"6":0,"7":5},"f":{"0":0,"1":0,"2":0,"3":0,"4":0,"5":0},"b":{}}
,"D:\\SWE2\\server\\src\\routes\\adminRoutes.ts": {"path":"D:\\SWE2\\server\\src\\routes\\adminRoutes.ts","statementMap":{"0":{"start":{"line":1,"column":0},"end":{"line":1,"column":43}},"1":{"start":{"line":2,"column":0},"end":{"line":2,"column":66}},"2":{"start":{"line":3,"column":0},"end":{"line":3,"column":75}},"3":{"start":{"line":5,"column":0},"end":{"line":5,"column":66}},"4":{"start":{"line":7,"column":0},"end":{"line":7,"column":61}},"5":{"start":{"line":8,"column":0},"end":{"line":8,"column":81}},"6":{"start":{"line":10,"column":13},"end":{"line":10,"column":31}},"7":{"start":{"line":14,"column":0},"end":{"line":18,"column":null}},"8":{"start":{"line":16,"column":35},"end":{"line":16,"column":89}},"9":{"start":{"line":17,"column":4},"end":{"line":17,"column":49}},"10":{"start":{"line":22,"column":0},"end":{"line":27,"column":3}},"11":{"start":{"line":24,"column":35},"end":{"line":24,"column":84}},"12":{"start":{"line":25,"column":4},"end":{"line":25,"column":49}},"13":{"start":{"line":30,"column":0},"end":{"line":35,"column":null}},"14":{"start":{"line":32,"column":27},"end":{"line":32,"column":84}},"15":{"start":{"line":33,"column":4},"end":{"line":33,"column":41}},"16":{"start":{"line":39,"column":0},"end":{"line":42,"column":3}},"17":{"start":{"line":40,"column":18},"end":{"line":40,"column":53}},"18":{"start":{"line":41,"column":4},"end":{"line":41,"column":32}}},"fnMap":{"0":{"name":"(anonymous_9)","decl":{"start":{"line":14,"column":86},"end":{"line":14,"column":91}},"loc":{"start":{"line":14,"column":121},"end":{"line":18,"column":1}}},"1":{"name":"(anonymous_10)","decl":{"start":{"line":22,"column":43},"end":{"line":22,"column":48}},"loc":{"start":{"line":22,"column":68},"end":{"line":27,"column":1}}},"2":{"name":"(anonymous_11)","decl":{"start":{"line":30,"column":80},"end":{"line":30,"column":85}},"loc":{"start":{"line":30,"column":115},"end":{"line":35,"column":1}}},"3":{"name":"(anonymous_12)","decl":{"start":{"line":39,"column":40},"end":{"line":39,"column":45}},"loc":{"start":{"line":39,"column":64},"end":{"line":42,"column":1}}}},"branchMap":{},"s":{"0":1,"1":1,"2":1,"3":1,"4":1,"5":1,"6":1,"7":1,"8":0,"9":0,"10":1,"11":0,"12":0,"13":1,"14":0,"15":0,"16":1,"17":0,"18":0},"f":{"0":0,"1":0,"2":0,"3":0},"b":{}}
,"D:\\SWE2\\server\\src\\routes\\tech-leadRoutes.ts": {"path":"D:\\SWE2\\server\\src\\routes\\tech-leadRoutes.ts","statementMap":{"0":{"start":{"line":1,"column":0},"end":{"line":1,"column":43}},"1":{"start":{"line":3,"column":0},"end":{"line":3,"column":64}},"2":{"start":{"line":4,"column":0},"end":{"line":4,"column":66}},"3":{"start":{"line":8,"column":13},"end":{"line":8,"column":31}},"4":{"start":{"line":10,"column":0},"end":{"line":16,"column":3}},"5":{"start":{"line":11,"column":21},"end":{"line":11,"column":48}},"6":{"start":{"line":12,"column":21},"end":{"line":12,"column":45}},"7":{"start":{"line":13,"column":30},"end":{"line":13,"column":71}},"8":{"start":{"line":14,"column":26},"end":{"line":14,"column":101}},"9":{"start":{"line":15,"column":4},"end":{"line":15,"column":40}},"10":{"start":{"line":18,"column":0},"end":{"line":22,"column":3}},"11":{"start":{"line":19,"column":22},"end":{"line":19,"column":48}},"12":{"start":{"line":20,"column":19},"end":{"line":20,"column":78}},"13":{"start":{"line":21,"column":4},"end":{"line":21,"column":33}},"14":{"start":{"line":24,"column":0},"end":{"line":28,"column":3}},"15":{"start":{"line":25,"column":22},"end":{"line":25,"column":48}},"16":{"start":{"line":26,"column":20},"end":{"line":26,"column":70}},"17":{"start":{"line":27,"column":4},"end":{"line":27,"column":34}}},"fnMap":{"0":{"name":"(anonymous_9)","decl":{"start":{"line":10,"column":49},"end":{"line":10,"column":54}},"loc":{"start":{"line":10,"column":78},"end":{"line":16,"column":1}}},"1":{"name":"(anonymous_10)","decl":{"start":{"line":18,"column":39},"end":{"line":18,"column":44}},"loc":{"start":{"line":18,"column":68},"end":{"line":22,"column":1}}},"2":{"name":"(anonymous_11)","decl":{"start":{"line":24,"column":45},"end":{"line":24,"column":50}},"loc":{"start":{"line":24,"column":74},"end":{"line":28,"column":1}}}},"branchMap":{},"s":{"0":1,"1":1,"2":1,"3":1,"4":1,"5":0,"6":0,"7":0,"8":0,"9":0,"10":1,"11":0,"12":0,"13":0,"14":1,"15":0,"16":0,"17":0},"f":{"0":0,"1":0,"2":0},"b":{}}
,"D:\\SWE2\\server\\src\\services\\mapperService.ts": {"path":"D:\\SWE2\\server\\src\\services\\mapperService.ts","statementMap":{"0":{"start":{"line":42,"column":0},"end":{"line":42,"column":16}},"1":{"start":{"line":46,"column":0},"end":{"line":46,"column":16}},"2":{"start":{"line":58,"column":0},"end":{"line":58,"column":16}},"3":{"start":{"line":90,"column":0},"end":{"line":90,"column":16}},"4":{"start":{"line":94,"column":0},"end":{"line":94,"column":16}},"5":{"start":{"line":118,"column":0},"end":{"line":118,"column":16}},"6":{"start":{"line":138,"column":0},"end":{"line":138,"column":16}},"7":{"start":{"line":158,"column":0},"end":{"line":158,"column":16}},"8":{"start":{"line":166,"column":0},"end":{"line":166,"column":16}},"9":{"start":{"line":178,"column":0},"end":{"line":178,"column":16}},"10":{"start":{"line":196,"column":0},"end":{"line":196,"column":16}},"11":{"start":{"line":203,"column":0},"end":{"line":203,"column":16}},"12":{"start":{"line":217,"column":0},"end":{"line":217,"column":16}},"13":{"start":{"line":231,"column":0},"end":{"line":231,"column":16}},"14":{"start":{"line":242,"column":0},"end":{"line":242,"column":16}},"15":{"start":{"line":253,"column":0},"end":{"line":253,"column":16}},"16":{"start":{"line":272,"column":0},"end":{"line":272,"column":7}},"17":{"start":{"line":11,"column":0},"end":{"line":11,"column":49}},"18":{"start":{"line":13,"column":0},"end":{"line":13,"column":46}},"19":{"start":{"line":14,"column":0},"end":{"line":14,"column":68}},"20":{"start":{"line":15,"column":0},"end":{"line":15,"column":42}},"21":{"start":{"line":17,"column":0},"end":{"line":17,"column":38}},"22":{"start":{"line":19,"column":0},"end":{"line":19,"column":50}},"23":{"start":{"line":25,"column":0},"end":{"line":25,"column":38}},"24":{"start":{"line":30,"column":4},"end":{"line":37,"column":20}},"25":{"start":{"line":33,"column":16},"end":{"line":35,"column":59}},"26":{"start":{"line":43,"column":4},"end":{"line":43,"column":74}},"27":{"start":{"line":55,"column":4},"end":{"line":55,"column":130}},"28":{"start":{"line":73,"column":4},"end":{"line":87,"column":39}},"29":{"start":{"line":86,"column":39},"end":{"line":86,"column":57}},"30":{"start":{"line":91,"column":4},"end":{"line":91,"column":72}},"31":{"start":{"line":105,"column":4},"end":{"line":115,"column":26}},"32":{"start":{"line":127,"column":4},"end":{"line":135,"column":29}},"33":{"start":{"line":146,"column":4},"end":{"line":153,"column":26}},"34":{"start":{"line":159,"column":37},"end":{"line":162,"column":6}},"35":{"start":{"line":163,"column":4},"end":{"line":163,"column":15}},"36":{"start":{"line":167,"column":4},"end":{"line":175,"column":6}},"37":{"start":{"line":179,"column":4},"end":{"line":193,"column":6}},"38":{"start":{"line":190,"column":50},"end":{"line":190,"column":57}},"39":{"start":{"line":197,"column":4},"end":{"line":200,"column":6}},"40":{"start":{"line":199,"column":69},"end":{"line":199,"column":102}},"41":{"start":{"line":204,"column":4},"end":{"line":214,"column":6}},"42":{"start":{"line":213,"column":44},"end":{"line":213,"column":64}},"43":{"start":{"line":218,"column":19},"end":{"line":218,"column":55}},"44":{"start":{"line":219,"column":21},"end":{"line":219,"column":108}},"45":{"start":{"line":220,"column":4},"end":{"line":228,"column":6}},"46":{"start":{"line":232,"column":4},"end":{"line":239,"column":6}},"47":{"start":{"line":243,"column":16},"end":{"line":243,"column":26}},"48":{"start":{"line":244,"column":4},"end":{"line":244,"column":24}},"49":{"start":{"line":245,"column":4},"end":{"line":245,"column":38}},"50":{"start":{"line":246,"column":4},"end":{"line":246,"column":28}},"51":{"start":{"line":247,"column":4},"end":{"line":247,"column":15}},"52":{"start":{"line":254,"column":16},"end":{"line":254,"column":28}},"53":{"start":{"line":255,"column":4},"end":{"line":255,"column":34}},"54":{"start":{"line":256,"column":4},"end":{"line":256,"column":32}},"55":{"start":{"line":257,"column":4},"end":{"line":257,"column":26}},"56":{"start":{"line":258,"column":4},"end":{"line":258,"column":38}},"57":{"start":{"line":260,"column":4},"end":{"line":260,"column":26}},"58":{"start":{"line":261,"column":4},"end":{"line":261,"column":29}},"59":{"start":{"line":262,"column":4},"end":{"line":262,"column":44}},"60":{"start":{"line":263,"column":4},"end":{"line":263,"column":28}},"61":{"start":{"line":264,"column":4},"end":{"line":264,"column":25}},"62":{"start":{"line":265,"column":4},"end":{"line":265,"column":34}},"63":{"start":{"line":266,"column":4},"end":{"line":266,"column":37}},"64":{"start":{"line":268,"column":4},"end":{"line":268,"column":15}},"65":{"start":{"line":273,"column":16},"end":{"line":273,"column":41}},"66":{"start":{"line":274,"column":4},"end":{"line":274,"column":32}},"67":{"start":{"line":275,"column":4},"end":{"line":275,"column":52}},"68":{"start":{"line":276,"column":4},"end":{"line":276,"column":40}},"69":{"start":{"line":277,"column":4},"end":{"line":277,"column":36}},"70":{"start":{"line":278,"column":4},"end":{"line":278,"column":34}},"71":{"start":{"line":279,"column":4},"end":{"line":279,"column":32}},"72":{"start":{"line":280,"column":4},"end":{"line":280,"column":15}}},"fnMap":{"0":{"name":"removeNullAttributes","decl":{"start":{"line":29,"column":9},"end":{"line":29,"column":29}},"loc":{"start":{"line":29,"column":67},"end":{"line":38,"column":1}}},"1":{"name":"(anonymous_1)","decl":{"start":{"line":32,"column":12},"end":{"line":32,"column":13}},"loc":{"start":{"line":33,"column":16},"end":{"line":35,"column":59}}},"2":{"name":"createCategoryDTO","decl":{"start":{"line":42,"column":16},"end":{"line":42,"column":33}},"loc":{"start":{"line":42,"column":78},"end":{"line":44,"column":1}}},"3":{"name":"createMunicipalityOfficerDTO","decl":{"start":{"line":46,"column":16},"end":{"line":46,"column":44}},"loc":{"start":{"line":53,"column":24},"end":{"line":56,"column":1}}},"4":{"name":"createReportDTO","decl":{"start":{"line":58,"column":16},"end":{"line":58,"column":31}},"loc":{"start":{"line":71,"column":18},"end":{"line":88,"column":1}}},"5":{"name":"(anonymous_5)","decl":{"start":{"line":86,"column":26},"end":{"line":86,"column":27}},"loc":{"start":{"line":86,"column":39},"end":{"line":86,"column":57}}},"6":{"name":"createRoleDTO","decl":{"start":{"line":90,"column":16},"end":{"line":90,"column":29}},"loc":{"start":{"line":90,"column":89},"end":{"line":92,"column":1}}},"7":{"name":"createUserDTO","decl":{"start":{"line":94,"column":16},"end":{"line":94,"column":29}},"loc":{"start":{"line":103,"column":33},"end":{"line":116,"column":1}}},"8":{"name":"createMessageResponseDTO","decl":{"start":{"line":118,"column":16},"end":{"line":118,"column":40}},"loc":{"start":{"line":125,"column":23},"end":{"line":136,"column":1}}},"9":{"name":"createNotificationDTO","decl":{"start":{"line":138,"column":16},"end":{"line":138,"column":37}},"loc":{"start":{"line":144,"column":21},"end":{"line":154,"column":1}}},"10":{"name":"mapCategoryDAOToDTO","decl":{"start":{"line":158,"column":16},"end":{"line":158,"column":35}},"loc":{"start":{"line":158,"column":57},"end":{"line":164,"column":1}}},"11":{"name":"mapMunicipalityOfficerDAOToDTO","decl":{"start":{"line":166,"column":16},"end":{"line":166,"column":46}},"loc":{"start":{"line":166,"column":78},"end":{"line":176,"column":1}}},"12":{"name":"mapReportDAOToDTO","decl":{"start":{"line":178,"column":16},"end":{"line":178,"column":33}},"loc":{"start":{"line":178,"column":51},"end":{"line":194,"column":1}}},"13":{"name":"(anonymous_13)","decl":{"start":{"line":190,"column":30},"end":{"line":190,"column":31}},"loc":{"start":{"line":190,"column":50},"end":{"line":190,"column":57}}},"14":{"name":"mapRoleDAOToDTO","decl":{"start":{"line":196,"column":16},"end":{"line":196,"column":31}},"loc":{"start":{"line":196,"column":45},"end":{"line":201,"column":1}}},"15":{"name":"(anonymous_15)","decl":{"start":{"line":199,"column":41},"end":{"line":199,"column":42}},"loc":{"start":{"line":199,"column":69},"end":{"line":199,"column":102}}},"16":{"name":"mapUserDAOToDTO","decl":{"start":{"line":203,"column":16},"end":{"line":203,"column":31}},"loc":{"start":{"line":203,"column":45},"end":{"line":215,"column":1}}},"17":{"name":"(anonymous_17)","decl":{"start":{"line":213,"column":29},"end":{"line":213,"column":30}},"loc":{"start":{"line":213,"column":44},"end":{"line":213,"column":64}}},"18":{"name":"mapMessageDAOToDTO","decl":{"start":{"line":217,"column":16},"end":{"line":217,"column":34}},"loc":{"start":{"line":217,"column":54},"end":{"line":229,"column":1}}},"19":{"name":"mapNotificationDAOToDTO","decl":{"start":{"line":231,"column":16},"end":{"line":231,"column":39}},"loc":{"start":{"line":231,"column":69},"end":{"line":240,"column":1}}},"20":{"name":"mapChatDAOToDTO","decl":{"start":{"line":242,"column":16},"end":{"line":242,"column":31}},"loc":{"start":{"line":242,"column":45},"end":{"line":248,"column":1}}},"21":{"name":"mapCreateReportRequestToDAO","decl":{"start":{"line":253,"column":16},"end":{"line":253,"column":43}},"loc":{"start":{"line":253,"column":71},"end":{"line":269,"column":1}}},"22":{"name":"mapCreateOfficerRequestDTOToDAO","decl":{"start":{"line":272,"column":22},"end":{"line":272,"column":53}},"loc":{"start":{"line":272,"column":82},"end":{"line":281,"column":1}}}},"branchMap":{"0":{"loc":{"start":{"line":33,"column":16},"end":{"line":35,"column":59}},"type":"binary-expr","locations":[{"start":{"line":33,"column":16},"end":{"line":33,"column":30}},{"start":{"line":34,"column":16},"end":{"line":34,"column":35}},{"start":{"line":35,"column":17},"end":{"line":35,"column":38}},{"start":{"line":35,"column":42},"end":{"line":35,"column":58}}]},"1":{"loc":{"start":{"line":174,"column":8},"end":{"line":174,"column":38}},"type":"binary-expr","locations":[{"start":{"line":174,"column":8},"end":{"line":174,"column":30}},{"start":{"line":174,"column":34},"end":{"line":174,"column":38}}]},"2":{"loc":{"start":{"line":186,"column":8},"end":{"line":186,"column":80}},"type":"cond-expr","locations":[{"start":{"line":186,"column":29},"end":{"line":186,"column":68}},{"start":{"line":186,"column":71},"end":{"line":186,"column":80}}]},"3":{"loc":{"start":{"line":189,"column":8},"end":{"line":189,"column":89}},"type":"cond-expr","locations":[{"start":{"line":189,"column":28},"end":{"line":189,"column":77}},{"start":{"line":189,"column":80},"end":{"line":189,"column":89}}]},"4":{"loc":{"start":{"line":219,"column":21},"end":{"line":219,"column":108}},"type":"cond-expr","locations":[{"start":{"line":219,"column":54},"end":{"line":219,"column":96}},{"start":{"line":219,"column":99},"end":{"line":219,"column":108}}]}},"s":{"0":7,"1":7,"2":7,"3":7,"4":7,"5":7,"6":7,"7":7,"8":7,"9":7,"10":7,"11":7,"12":7,"13":7,"14":7,"15":7,"16":7,"17":7,"18":7,"19":7,"20":7,"21":7,"22":7,"23":7,"24":0,"25":0,"26":0,"27":0,"28":0,"29":0,"30":0,"31":0,"32":0,"33":0,"34":0,"35":0,"36":0,"37":0,"38":0,"39":0,"40":0,"41":0,"42":0,"43":0,"44":0,"45":0,"46":0,"47":0,"48":0,"49":0,"50":0,"51":0,"52":0,"53":0,"54":0,"55":0,"56":0,"57":0,"58":0,"59":0,"60":0,"61":0,"62":0,"63":0,"64":0,"65":0,"66":0,"67":0,"68":0,"69":0,"70":0,"71":0,"72":0},"f":{"0":0,"1":0,"2":0,"3":0,"4":0,"5":0,"6":0,"7":0,"8":0,"9":0,"10":0,"11":0,"12":0,"13":0,"14":0,"15":0,"16":0,"17":0,"18":0,"19":0,"20":0,"21":0,"22":0},"b":{"0":[0,0,0,0],"1":[0,0],"2":[0,0],"3":[0,0],"4":[0,0]}}
}
