TN:
SF:src\data-source.ts
FNF:0
FNH:0
DA:1,5
DA:2,5
DA:3,5
DA:4,5
DA:5,5
DA:6,5
DA:7,5
DA:8,5
DA:9,5
DA:10,5
DA:11,5
DA:12,5
DA:15,5
LF:13
LH:13
BRDA:17,0,0,5
BRDA:17,0,1,5
BRDA:18,1,0,5
BRDA:18,1,1,5
BRDA:19,2,0,5
BRDA:19,2,1,5
BRDA:20,3,0,5
BRDA:20,3,1,5
BRDA:21,4,0,5
BRDA:21,4,1,5
BRF:10
BRH:10
end_of_record
TN:
SF:src\controllers\adminController.ts
FN:30,initializeAdminRepositories
FN:37,appErr
FN:44,(anonymous_2)
FN:45,(anonymous_3)
FN:47,addMunicipalityOfficer
FN:64,getAllMunicipalityOfficer
FN:71,updateMunicipalityOfficer
FN:94,loginOfficer
FN:111,getAllRoles
FN:113,(anonymous_9)
FN:116,getMunicipalityOfficerByUsername
FN:122,getMunicipalityOfficerDAOForNewRequest
FN:123,(anonymous_12)
FN:131,getMunicipalityOfficerDAOByUsername
FN:137,assignTechAgent
FN:145,getAgentsByTechLeadUsername
FN:158,getTechReports
FN:168,getTechLeadReports
FN:183,getOfficerById
FN:189,getOfficerIdByEmail
FN:194,getOfficerIdByUsername
FNF:21
FNH:0
FNDA:0,initializeAdminRepositories
FNDA:0,appErr
FNDA:0,(anonymous_2)
FNDA:0,(anonymous_3)
FNDA:0,addMunicipalityOfficer
FNDA:0,getAllMunicipalityOfficer
FNDA:0,updateMunicipalityOfficer
FNDA:0,loginOfficer
FNDA:0,getAllRoles
FNDA:0,(anonymous_9)
FNDA:0,getMunicipalityOfficerByUsername
FNDA:0,getMunicipalityOfficerDAOForNewRequest
FNDA:0,(anonymous_12)
FNDA:0,getMunicipalityOfficerDAOByUsername
FNDA:0,assignTechAgent
FNDA:0,getAgentsByTechLeadUsername
FNDA:0,getTechReports
FNDA:0,getTechLeadReports
FNDA:0,getOfficerById
FNDA:0,getOfficerIdByEmail
FNDA:0,getOfficerIdByUsername
DA:3,5
DA:4,5
DA:6,5
DA:7,5
DA:9,5
DA:14,5
DA:16,5
DA:17,5
DA:18,5
DA:20,5
DA:30,5
DA:31,0
DA:32,0
DA:33,0
DA:34,0
DA:38,0
DA:39,0
DA:40,0
DA:44,5
DA:45,5
DA:47,5
DA:48,0
DA:58,0
DA:60,0
DA:61,0
DA:64,5
DA:66,0
DA:67,0
DA:71,5
DA:72,0
DA:73,0
DA:76,0
DA:78,0
DA:79,0
DA:80,0
DA:82,0
DA:83,0
DA:84,0
DA:86,0
DA:87,0
DA:89,0
DA:90,0
DA:91,0
DA:94,5
DA:95,0
DA:96,0
DA:98,0
DA:100,0
DA:101,0
DA:103,0
DA:105,0
DA:111,5
DA:112,0
DA:113,0
DA:116,5
DA:117,0
DA:118,0
DA:119,0
DA:122,5
DA:123,0
DA:124,0
DA:125,0
DA:127,0
DA:131,5
DA:132,0
DA:133,0
DA:134,0
DA:137,5
DA:138,0
DA:139,0
DA:140,0
DA:141,0
DA:142,0
DA:145,5
DA:146,0
DA:147,0
DA:148,0
DA:150,0
DA:151,0
DA:153,0
DA:154,0
DA:155,0
DA:158,5
DA:159,0
DA:160,0
DA:161,0
DA:163,0
DA:165,0
DA:168,5
DA:169,0
DA:170,0
DA:171,0
DA:173,0
DA:174,0
DA:175,0
DA:176,0
DA:177,0
DA:178,0
DA:180,0
DA:183,5
DA:184,0
DA:185,0
DA:186,0
DA:189,5
DA:190,0
DA:191,0
DA:192,0
DA:194,5
DA:195,0
DA:196,0
DA:197,0
LF:111
LH:28
BRDA:37,0,0,0
BRDA:44,1,0,0
BRDA:44,1,1,0
BRDA:45,2,0,0
BRDA:45,2,1,0
BRDA:47,3,0,0
BRDA:48,4,0,0
BRDA:48,4,1,0
BRDA:73,5,0,0
BRDA:73,5,1,0
BRDA:76,6,0,0
BRDA:76,6,1,0
BRDA:79,7,0,0
BRDA:79,7,1,0
BRDA:80,8,0,0
BRDA:80,8,1,0
BRDA:82,9,0,0
BRDA:82,9,1,0
BRDA:84,10,0,0
BRDA:84,10,1,0
BRDA:87,11,0,0
BRDA:87,11,1,0
BRDA:98,12,0,0
BRDA:98,12,1,0
BRDA:98,13,0,0
BRDA:98,13,1,0
BRDA:101,14,0,0
BRDA:101,14,1,0
BRDA:103,15,0,0
BRDA:103,15,1,0
BRDA:118,16,0,0
BRDA:118,16,1,0
BRDA:124,17,0,0
BRDA:124,17,1,0
BRDA:133,18,0,0
BRDA:133,18,1,0
BRDA:140,19,0,0
BRDA:140,19,1,0
BRDA:141,20,0,0
BRDA:141,20,1,0
BRDA:147,21,0,0
BRDA:147,21,1,0
BRDA:150,22,0,0
BRDA:150,22,1,0
BRDA:160,23,0,0
BRDA:160,23,1,0
BRDA:170,24,0,0
BRDA:170,24,1,0
BRDA:185,25,0,0
BRDA:185,25,1,0
BRDA:191,26,0,0
BRDA:191,26,1,0
BRDA:196,27,0,0
BRDA:196,27,1,0
BRF:54
BRH:0
end_of_record
TN:
SF:src\controllers\messagingController.ts
FN:40,initializeMessageRepositories
FN:51,createChatOfficerUser
FN:55,createChatLeadExternal
FN:111,getMessagesByReport
FNF:4
FNH:0
FNDA:0,initializeMessageRepositories
FNDA:0,createChatOfficerUser
FNDA:0,createChatLeadExternal
FNDA:0,getMessagesByReport
DA:2,5
DA:3,5
DA:4,5
DA:5,5
DA:6,5
DA:7,5
DA:8,5
DA:14,5
DA:16,5
DA:40,5
DA:44,0
DA:45,0
DA:46,0
DA:47,0
DA:48,0
DA:51,5
DA:52,0
DA:55,5
DA:56,0
DA:64,5
DA:68,0
DA:70,0
DA:71,0
DA:74,0
DA:75,0
DA:76,0
DA:77,0
DA:78,0
DA:80,0
DA:82,0
DA:83,0
DA:84,0
DA:85,0
DA:86,0
DA:87,0
DA:88,0
DA:89,0
DA:91,0
DA:92,0
DA:93,0
DA:94,0
DA:95,0
DA:96,0
DA:97,0
DA:98,0
DA:100,0
DA:101,0
DA:104,0
DA:111,5
DA:112,0
DA:114,0
DA:115,0
DA:116,0
DA:118,0
LF:54
LH:14
BRDA:71,0,0,0
BRDA:71,0,1,0
BRDA:82,1,0,0
BRDA:82,1,1,0
BRDA:93,2,0,0
BRDA:93,2,1,0
BRDA:96,3,0,0
BRDA:96,3,1,0
BRDA:112,4,0,0
BRDA:112,4,1,0
BRDA:115,5,0,0
BRDA:115,5,1,0
BRF:12
BRH:0
end_of_record
TN:
SF:src\controllers\reportController.ts
FN:25,initializeReportRepositories
FN:32,appErr
FN:35,addReport
FN:48,(anonymous_3)
FN:63,updateReportStatus
FN:98,updateReportOfficer
FN:116,getAllReports
FN:121,getReportById
FN:128,GetReportsByOfficerUsername
FN:134,getAllAcceptedReports
FN:139,getReportsByCategoryIdAndStatus
FN:141,(anonymous_11)
FN:145,getUserReports
FNF:13
FNH:0
FNDA:0,initializeReportRepositories
FNDA:0,appErr
FNDA:0,addReport
FNDA:0,(anonymous_3)
FNDA:0,updateReportStatus
FNDA:0,updateReportOfficer
FNDA:0,getAllReports
FNDA:0,getReportById
FNDA:0,GetReportsByOfficerUsername
FNDA:0,getAllAcceptedReports
FNDA:0,getReportsByCategoryIdAndStatus
FNDA:0,(anonymous_11)
FNDA:0,getUserReports
DA:4,5
DA:6,5
DA:7,5
DA:9,5
DA:10,5
DA:12,5
DA:13,5
DA:14,5
DA:15,5
DA:17,5
DA:25,5
DA:26,0
DA:27,0
DA:28,0
DA:32,0
DA:35,5
DA:36,0
DA:39,0
DA:40,0
DA:44,0
DA:45,0
DA:47,0
DA:48,0
DA:49,0
DA:50,0
DA:51,0
DA:52,0
DA:54,0
DA:56,0
DA:58,0
DA:63,5
DA:68,0
DA:69,0
DA:71,0
DA:72,0
DA:75,0
DA:76,0
DA:77,0
DA:80,0
DA:81,0
DA:82,0
DA:83,0
DA:84,0
DA:85,0
DA:86,0
DA:88,0
DA:91,0
DA:94,0
DA:98,5
DA:99,0
DA:100,0
DA:101,0
DA:103,0
DA:104,0
DA:105,0
DA:106,0
DA:108,0
DA:111,0
DA:112,0
DA:113,0
DA:116,5
DA:117,0
DA:118,0
DA:121,5
DA:122,0
DA:123,0
DA:124,0
DA:128,5
DA:129,0
DA:130,0
DA:131,0
DA:134,5
DA:135,0
DA:136,0
DA:139,5
DA:140,0
DA:141,0
DA:142,0
DA:145,5
DA:146,0
DA:147,0
LF:81
LH:20
BRDA:32,0,0,0
BRDA:47,1,0,0
BRDA:47,1,1,0
BRDA:47,2,0,0
BRDA:47,2,1,0
BRDA:69,3,0,0
BRDA:69,3,1,0
BRDA:71,4,0,0
BRDA:71,4,1,0
BRDA:80,5,0,0
BRDA:80,5,1,0
BRDA:101,6,0,0
BRDA:101,6,1,0
BRDA:103,7,0,0
BRDA:103,7,1,0
BRDA:123,8,0,0
BRDA:123,8,1,0
BRF:17
BRH:0
end_of_record
TN:
SF:src\models\Chat.ts
FN:11,(anonymous_2)
FN:11,(anonymous_3)
FN:18,(anonymous_4)
FN:18,(anonymous_5)
FNF:4
FNH:0
FNDA:0,(anonymous_2)
FNDA:0,(anonymous_3)
FNDA:0,(anonymous_4)
FNDA:0,(anonymous_5)
DA:1,12
DA:2,12
DA:3,12
DA:4,12
DA:7,12
DA:9,12
DA:11,0
DA:13,12
DA:16,12
DA:18,0
DA:19,12
LF:11
LH:9
BRF:0
BRH:0
end_of_record
TN:
SF:src\models\ChatType.ts
FN:1,(anonymous_0)
FNF:1
FNH:1
FNDA:12,(anonymous_0)
DA:1,12
DA:2,12
DA:3,12
LF:3
LH:3
BRDA:1,0,0,12
BRDA:1,0,1,12
BRF:2
BRH:2
end_of_record
TN:
SF:src\models\Message.ts
FN:18,(anonymous_2)
FN:21,(anonymous_3)
FN:21,(anonymous_4)
FNF:3
FNH:0
FNDA:0,(anonymous_2)
FNDA:0,(anonymous_3)
FNDA:0,(anonymous_4)
DA:1,12
DA:4,12
DA:5,12
DA:8,12
DA:10,12
DA:13,12
DA:16,12
DA:18,0
DA:19,12
DA:21,0
DA:23,12
LF:11
LH:9
BRF:0
BRH:0
end_of_record
TN:
SF:src\models\MunicipalityOfficer.ts
FN:28,(anonymous_2)
FN:28,(anonymous_3)
FN:32,(anonymous_4)
FN:32,(anonymous_5)
FN:35,(anonymous_6)
FN:35,(anonymous_7)
FNF:6
FNH:6
FNDA:18,(anonymous_2)
FNDA:15,(anonymous_3)
FNDA:18,(anonymous_4)
FNDA:15,(anonymous_5)
FNDA:18,(anonymous_6)
FNDA:15,(anonymous_7)
DA:1,12
DA:2,12
DA:3,12
DA:6,12
DA:8,12
DA:11,12
DA:14,12
DA:17,12
DA:20,12
DA:23,12
DA:26,12
DA:28,18
DA:30,12
DA:32,18
DA:33,12
DA:35,18
DA:36,12
LF:17
LH:17
BRF:0
BRH:0
end_of_record
TN:
SF:src\models\Report.ts
FN:36,(anonymous_2)
FN:39,(anonymous_3)
FN:39,(anonymous_4)
FN:43,(anonymous_5)
FN:43,(anonymous_6)
FN:47,(anonymous_7)
FN:47,(anonymous_8)
FN:51,(anonymous_9)
FN:51,(anonymous_10)
FN:54,(anonymous_11)
FN:54,(anonymous_12)
FN:58,(anonymous_13)
FN:58,(anonymous_14)
FNF:13
FNH:10
FNDA:0,(anonymous_2)
FNDA:18,(anonymous_3)
FNDA:18,(anonymous_4)
FNDA:18,(anonymous_5)
FNDA:18,(anonymous_6)
FNDA:18,(anonymous_7)
FNDA:18,(anonymous_8)
FNDA:18,(anonymous_9)
FNDA:18,(anonymous_10)
FNDA:18,(anonymous_11)
FNDA:0,(anonymous_12)
FNDA:18,(anonymous_13)
FNDA:0,(anonymous_14)
DA:1,12
DA:2,12
DA:3,12
DA:4,12
DA:5,12
DA:6,12
DA:7,12
DA:10,12
DA:12,12
DA:15,12
DA:18,12
DA:21,12
DA:24,12
DA:31,12
DA:34,12
DA:36,0
DA:37,12
DA:39,18
DA:41,12
DA:43,18
DA:45,12
DA:47,18
DA:49,12
DA:51,18
DA:52,12
DA:54,18
DA:55,12
DA:58,18
DA:60,12
LF:29
LH:28
BRF:0
BRH:0
end_of_record
TN:
SF:src\models\SenderType.ts
FN:1,(anonymous_0)
FNF:1
FNH:1
FNDA:12,(anonymous_0)
DA:1,12
DA:2,12
DA:3,12
DA:4,12
DA:5,12
LF:5
LH:5
BRDA:1,0,0,12
BRDA:1,0,1,12
BRF:2
BRH:2
end_of_record
TN:
SF:src\models\User.ts
FN:34,(anonymous_2)
FN:34,(anonymous_3)
FN:37,(anonymous_4)
FN:37,(anonymous_5)
FNF:4
FNH:4
FNDA:18,(anonymous_2)
FNDA:4,(anonymous_3)
FNDA:18,(anonymous_4)
FNDA:4,(anonymous_5)
DA:1,12
DA:2,12
DA:3,12
DA:6,12
DA:8,12
DA:11,12
DA:14,12
DA:17,12
DA:20,12
DA:23,12
DA:26,12
DA:29,12
DA:32,12
DA:34,18
DA:35,12
DA:37,18
DA:38,12
LF:17
LH:17
BRF:0
BRH:0
end_of_record
TN:
SF:src\models\DTOs\CreateOfficerRequestDTO.ts
FNF:0
FNH:0
DA:1,1
DA:3,1
DA:5,1
DA:8,1
DA:11,1
DA:14,1
DA:17,1
DA:20,1
LF:8
LH:8
BRF:0
BRH:0
end_of_record
TN:
SF:src\models\DTOs\MunicipalityOfficerResponseDTO.ts
FN:4,(anonymous_2)
FNF:1
FNH:0
FNDA:0,(anonymous_2)
DA:1,1
DA:4,1
DA:7,1
DA:9,1
DA:11,1
DA:13,1
DA:15,1
DA:17,0
LF:8
LH:7
BRF:0
BRH:0
end_of_record
TN:
SF:src\repositories\ChatRepository.ts
FN:8,(anonymous_0)
FN:12,(anonymous_1)
FN:19,(anonymous_2)
FN:32,(anonymous_3)
FN:42,(anonymous_4)
FN:46,(anonymous_5)
FN:50,(anonymous_6)
FN:57,(anonymous_7)
FNF:8
FNH:0
FNDA:0,(anonymous_0)
FNDA:0,(anonymous_1)
FNDA:0,(anonymous_2)
FNDA:0,(anonymous_3)
FNDA:0,(anonymous_4)
FNDA:0,(anonymous_5)
FNDA:0,(anonymous_6)
FNDA:0,(anonymous_7)
DA:1,5
DA:3,5
DA:5,5
DA:9,0
DA:13,0
DA:21,0
DA:33,0
DA:43,0
DA:47,0
DA:51,0
DA:52,0
DA:53,0
DA:54,0
DA:58,0
DA:59,0
DA:60,0
DA:61,0
LF:17
LH:3
BRF:0
BRH:0
end_of_record
TN:
SF:src\repositories\MessageRepository.ts
FN:8,(anonymous_0)
FN:15,(anonymous_1)
FN:25,(anonymous_2)
FN:34,(anonymous_3)
FN:59,(anonymous_4)
FN:66,(anonymous_5)
FNF:6
FNH:0
FNDA:0,(anonymous_0)
FNDA:0,(anonymous_1)
FNDA:0,(anonymous_2)
FNDA:0,(anonymous_3)
FNDA:0,(anonymous_4)
FNDA:0,(anonymous_5)
DA:3,5
DA:5,5
DA:9,0
DA:16,0
DA:26,0
DA:36,0
DA:60,0
DA:67,0
LF:8
LH:2
BRF:0
BRH:0
end_of_record
TN:
SF:src\routes\adminRoutes.ts
FN:14,(anonymous_9)
FN:22,(anonymous_10)
FN:30,(anonymous_11)
FN:39,(anonymous_12)
FNF:4
FNH:0
FNDA:0,(anonymous_9)
FNDA:0,(anonymous_10)
FNDA:0,(anonymous_11)
FNDA:0,(anonymous_12)
DA:1,1
DA:2,1
DA:3,1
DA:5,1
DA:7,1
DA:8,1
DA:10,1
DA:14,1
DA:16,0
DA:17,0
DA:22,1
DA:24,0
DA:25,0
DA:30,1
DA:32,0
DA:33,0
DA:39,1
DA:40,0
DA:41,0
LF:19
LH:11
BRF:0
BRH:0
end_of_record
TN:
SF:src\routes\tech-leadRoutes.ts
FN:10,(anonymous_9)
FN:18,(anonymous_10)
FN:24,(anonymous_11)
FNF:3
FNH:0
FNDA:0,(anonymous_9)
FNDA:0,(anonymous_10)
FNDA:0,(anonymous_11)
DA:1,1
DA:3,1
DA:4,1
DA:8,1
DA:10,1
DA:11,0
DA:12,0
DA:13,0
DA:14,0
DA:15,0
DA:18,1
DA:19,0
DA:20,0
DA:21,0
DA:24,1
DA:25,0
DA:26,0
DA:27,0
LF:18
LH:7
BRF:0
BRH:0
end_of_record
TN:
SF:src\services\mapperService.ts
FN:29,removeNullAttributes
FN:32,(anonymous_1)
FN:42,createCategoryDTO
FN:46,createMunicipalityOfficerDTO
FN:58,createReportDTO
FN:86,(anonymous_5)
FN:90,createRoleDTO
FN:94,createUserDTO
FN:118,createMessageResponseDTO
FN:138,createNotificationDTO
FN:158,mapCategoryDAOToDTO
FN:166,mapMunicipalityOfficerDAOToDTO
FN:178,mapReportDAOToDTO
FN:190,(anonymous_13)
FN:196,mapRoleDAOToDTO
FN:199,(anonymous_15)
FN:203,mapUserDAOToDTO
FN:213,(anonymous_17)
FN:217,mapMessageDAOToDTO
FN:231,mapNotificationDAOToDTO
FN:242,mapChatDAOToDTO
FN:253,mapCreateReportRequestToDAO
FN:272,mapCreateOfficerRequestDTOToDAO
FNF:23
FNH:0
FNDA:0,removeNullAttributes
FNDA:0,(anonymous_1)
FNDA:0,createCategoryDTO
FNDA:0,createMunicipalityOfficerDTO
FNDA:0,createReportDTO
FNDA:0,(anonymous_5)
FNDA:0,createRoleDTO
FNDA:0,createUserDTO
FNDA:0,createMessageResponseDTO
FNDA:0,createNotificationDTO
FNDA:0,mapCategoryDAOToDTO
FNDA:0,mapMunicipalityOfficerDAOToDTO
FNDA:0,mapReportDAOToDTO
FNDA:0,(anonymous_13)
FNDA:0,mapRoleDAOToDTO
FNDA:0,(anonymous_15)
FNDA:0,mapUserDAOToDTO
FNDA:0,(anonymous_17)
FNDA:0,mapMessageDAOToDTO
FNDA:0,mapNotificationDAOToDTO
FNDA:0,mapChatDAOToDTO
FNDA:0,mapCreateReportRequestToDAO
FNDA:0,mapCreateOfficerRequestDTOToDAO
DA:11,7
DA:13,7
DA:14,7
DA:15,7
DA:17,7
DA:19,7
DA:25,7
DA:30,0
DA:33,0
DA:42,7
DA:43,0
DA:46,7
DA:55,0
DA:58,7
DA:73,0
DA:86,0
DA:90,7
DA:91,0
DA:94,7
DA:105,0
DA:118,7
DA:127,0
DA:138,7
DA:146,0
DA:158,7
DA:159,0
DA:163,0
DA:166,7
DA:167,0
DA:178,7
DA:179,0
DA:190,0
DA:196,7
DA:197,0
DA:199,0
DA:203,7
DA:204,0
DA:213,0
DA:217,7
DA:218,0
DA:219,0
DA:220,0
DA:231,7
DA:232,0
DA:242,7
DA:243,0
DA:244,0
DA:245,0
DA:246,0
DA:247,0
DA:253,7
DA:254,0
DA:255,0
DA:256,0
DA:257,0
DA:258,0
DA:260,0
DA:261,0
DA:262,0
DA:263,0
DA:264,0
DA:265,0
DA:266,0
DA:268,0
DA:272,7
DA:273,0
DA:274,0
DA:275,0
DA:276,0
DA:277,0
DA:278,0
DA:279,0
DA:280,0
LF:73
LH:24
BRDA:33,0,0,0
BRDA:33,0,1,0
BRDA:33,0,2,0
BRDA:33,0,3,0
BRDA:174,1,0,0
BRDA:174,1,1,0
BRDA:186,2,0,0
BRDA:186,2,1,0
BRDA:189,3,0,0
BRDA:189,3,1,0
BRDA:219,4,0,0
BRDA:219,4,1,0
BRF:12
BRH:0
end_of_record
